/Users/tanyamatanda/Library/Python/3.9/lib/python/site-packages/urllib3/__init__.py:35: NotOpenSSLWarning: urllib3 v2 only supports OpenSSL 1.1.1+, currently the 'ssl' module is compiled with 'LibreSSL 2.8.3'. See: https://github.com/urllib3/urllib3/issues/3020
  warnings.warn(
⚠️ Supabase credentials not found. SQL generation only.
============================================================
SEC EDGAR DEEP TECH COMPANY COLLECTOR
============================================================

📥 Downloading company tickers from SEC...
✅ Found 10,221 total public companies
🔍 Classifying all companies into sectors...
✅ Classified 10221 total companies
  - Deep Tech: 1234
  - General Market: 8987

📊 Processing 2500 companies...
⏱️  Estimated time: 20.8 minutes

Progress: 50/2500 (2.0%)
Progress: 100/2500 (4.0%)
Progress: 150/2500 (6.0%)
Progress: 200/2500 (8.0%)
Progress: 250/2500 (10.0%)
Progress: 300/2500 (12.0%)
Progress: 350/2500 (14.0%)
Progress: 400/2500 (16.0%)
Progress: 450/2500 (18.0%)
Progress: 500/2500 (20.0%)
Progress: 550/2500 (22.0%)
Progress: 600/2500 (24.0%)
Progress: 650/2500 (26.0%)
Progress: 700/2500 (28.0%)
Progress: 750/2500 (30.0%)
Progress: 800/2500 (32.0%)
Progress: 850/2500 (34.0%)
Progress: 900/2500 (36.0%)
Progress: 950/2500 (38.0%)
Progress: 1000/2500 (40.0%)
Progress: 1050/2500 (42.0%)
Progress: 1100/2500 (44.0%)
Progress: 1150/2500 (46.0%)
Progress: 1200/2500 (48.0%)
Progress: 1250/2500 (50.0%)
Progress: 1300/2500 (52.0%)
Progress: 1350/2500 (54.0%)
Progress: 1400/2500 (56.0%)
Progress: 1450/2500 (58.0%)
Progress: 1500/2500 (60.0%)
Progress: 1550/2500 (62.0%)
Progress: 1600/2500 (64.0%)
Progress: 1650/2500 (66.0%)
Progress: 1700/2500 (68.0%)
Progress: 1750/2500 (70.0%)
Progress: 1800/2500 (72.0%)
Progress: 1850/2500 (74.0%)
Progress: 1900/2500 (76.0%)
Progress: 1950/2500 (78.0%)
Progress: 2000/2500 (80.0%)
Progress: 2050/2500 (82.0%)
Progress: 2100/2500 (84.0%)
Progress: 2150/2500 (86.0%)
Progress: 2200/2500 (88.0%)
Progress: 2250/2500 (90.0%)
Progress: 2300/2500 (92.0%)
Progress: 2350/2500 (94.0%)
Progress: 2400/2500 (96.0%)
Progress: 2450/2500 (98.0%)
Progress: 2500/2500 (100.0%)

✅ Collection complete! 2500 companies processed

💾 Saved to sec_deep_tech_companies.csv
📝 Generating SQL...
✅ SQL generated: sec_companies_insert.sql
