/Users/tanyamatanda/Library/Python/3.9/lib/python/site-packages/urllib3/__init__.py:35: NotOpenSSLWarning: urllib3 v2 only supports OpenSSL 1.1.1+, currently the 'ssl' module is compiled with 'LibreSSL 2.8.3'. See: https://github.com/urllib3/urllib3/issues/3020
  warnings.warn(
INFO:httpx:HTTP Request: GET https://mpabbijfgrmqiqnysiwf.supabase.co/rest/v1/board_composition_annual?select=company_id%2Cfiscal_year&fiscal_year=eq.2024&women_percentage=is.null "HTTP/2 200 OK"
INFO:httpx:HTTP Request: GET https://mpabbijfgrmqiqnysiwf.supabase.co/rest/v1/companies?select=id%2Ccompany_name%2Ccik&id=in.%283cab4b4b-6089-42b1-b587-e42bd6636f65%2C5aed16eb-a4d2-45a2-9478-8eb23fa8488f%2C2065a5af-4d84-4ff5-9fa1-c82bd9edaead%2C9bf576b6-fd41-4c88-ab8d-b8600562fce5%2C1082eba6-77c2-4c8d-81c1-d621b511b14e%2C8e1ef951-e19e-435a-9626-5d0125bd2e1a%2C19b8f2c4-bb61-493f-9eb8-fee77d3caa90%2C1bcda416-4a0a-4de9-8e41-15bed2d3140a%2C6291a8d2-a47e-4956-9a62-1e03bc5dab18%2Cfe180957-387d-47e9-88ac-68a59fd736ba%2C58553125-9074-4745-8bc8-3d4a736072b9%2C899be134-4365-4108-81b8-d2acfda92e31%2C6338b878-e933-4e92-9d27-4cfdf2ebf28c%2C32ef551e-6107-4033-bbcd-6f4002952250%2C89085e24-cd71-4cc4-abad-27ec53eee284%2Cf6cd2024-9cd9-490d-a1ae-9f7667ba29db%2Cf0a4b23b-03b8-4298-b343-f46eb54a42ab%2C96bcda45-24f1-4830-b5be-62fc8ab65dd1%2Cc8c19518-0d56-4b43-9239-17c0f53775d7%2Ca93dce89-9730-4f91-a92a-f5b6388e1712%2C2abaf1ee-2767-4d57-8491-5a001c80ba83%2C5a30c5a8-f5c6-4742-a31f-615af5677dad%2Cbbe8c314-3bd6-4879-b99e-9f73350eb8ed%2C8cbe6db0-23a7-494c-b454-cecf64050a39%2Cff36f311-7a39-49d1-9ae7-c36d6c2d4db8%2C94338cf5-837b-4eb0-b01c-49e522a1095d%2C5a82794c-8b85-4b14-b4c4-ae1efd979ba8%2C37b143a3-d43b-4c65-9a0e-9c7f68887979%2Cf7e799f2-ffe2-40f7-a119-18591b9c3fcc%2C92f8dfd5-5705-42b0-ba2c-b61c34a8c8aa%2C303af4b2-f4be-46f4-8e7f-51951c965ebf%2Cd58da5e1-523f-4d06-8f0a-7385be06ffb9%2C1121fc55-b16e-44e8-b345-052d2eb2722f%2C872c2e09-9abc-4c62-b102-59fe757081b9%2Ca86fa0d1-84d7-4415-a4f2-d941c64a793d%2Cd6750cf2-cdb8-44e3-a99b-fa92bc9e78f3%2C4dc98a1b-8079-48ba-8914-313dd4617f02%2C0f1dd457-0ecb-440b-9606-ef05e69ebb9c%2Cc54a6a61-7125-415d-a0e5-1fa3b28b0d4a%2C2179025d-9560-4685-b731-74b040f8bdf1%2C2e63fee9-8b8c-4353-965d-e42fcfab99f3%2C3cc7401e-d9ef-4418-8b4c-5cffa54d85eb%2C5e385ae4-6504-435c-a05a-86a01fed62a7%2C27cad017-2aec-47f7-897b-63894fe632d5%2C31d67410-ac94-43b9-a857-93417d0358c9%2Cdc458855-9f10-492f-9d5e-9dc336bcb8e7%2Ccb0778cb-1bca-4a5b-9d44-6de6fc688650%2C75291c52-91d1-4027-9109-73b88645aefa%2Cc0d9d2d5-5a80-4e8c-a80d-78a3163d6474%2Cf110b5ea-31f1-4f5d-af3c-f24d438d0106%2Cb8b6573e-80f8-4f49-83d2-4072a4203eb9%2C4b54f9c4-c3c5-4235-9c94-5f29d8404f94%2C04d6099a-90c8-4178-9488-866dc6a1999f%2C95dc9c67-bc4a-44c4-a865-645105b274ca%2Ca6256b90-78b3-4484-968c-3cf018689cb5%2Cc08fa12c-77e8-4760-8b57-4f2d3ded925a%2C0a6a8c9b-9740-4643-a8d7-e501d96510ce%2C21ce2439-4c15-44e8-8c7c-2678654ec0f4%2Cbb98a703-2916-4d44-8a7b-553aa4332bce%2C54f0e47e-f750-4b7f-a0f0-250c48caffd9%2C74d7a181-86be-4acb-9e77-991eb38f84bf%2Cf7fa0bfa-2ab3-4951-84b9-09ffccc2011a%2C0ca20387-ff1b-46f8-9502-6251eecde752%2Ca8e9f4a3-3f9d-4855-a3e7-fc52d4ddecf2%2Ccb323e97-864e-435f-b805-b6bfff46aa9f%2Cd278ea8b-864c-42f1-8624-d6dfa1e2e348%2C99b6c1a9-242f-4459-bac2-f5059b717e3c%2C0a38e94b-c495-42ea-9ac9-1a286a08ba94%2C8d3924c5-2866-4104-a84e-ae6665152895%2C5ca13d31-0eb1-44e3-ba2a-ed24dc43eb98%2C8b3ad480-fef3-49dc-be01-5bf585ec0935%2C81ee9df0-d18e-44ba-ba04-64ace49b3d41%2Cecb2470a-f7b0-48e6-8bc8-96f77a592412%2C6aadc015-e14d-4e89-8bd2-86550bc3c975%2Cb8567adf-7763-4330-a317-43d91ffecce2%2C656225db-9e5b-496e-abf3-1527be91e187%2C35ab5b45-8c70-4fdc-9421-4aecd50bfb01%2C8a806c9c-86ab-4ed2-a766-de99e5f96f10%2Cf18e0b38-db94-4e5e-a17c-2fd8c2130cb7%2C8fc82e12-0391-4e69-9d9c-c0d5b46d67e7%2C032b380f-94da-421e-94bf-89360979733d%2C9385028b-4ee1-44ff-a416-52c0f74a9e22%2Ce2299faa-5031-4b1e-8a29-7f0fd4d184ea%2C69571bad-feb4-42e7-8ad9-6baca9cd5b31%2C9b61683e-cf7c-40db-9a57-65204d52983a%2C65425293-1bb0-44ad-9a50-309fd8d19ee7%2C227c8789-89de-4464-977f-e0390bf8ba23%2C6b65dcb7-7cb6-4be3-a49f-21c3ef1c53ab%2Cb9b1996e-2360-41fb-9d08-cf3a1b19cb8f%2C024703bf-2b91-441c-999e-1d09bbf2128d%2Cf2309d3d-987a-44c7-9b95-8b8b9b989d6a%2C432d73f3-2bdd-4375-9f3f-66ddb2384afe%2Cb7bb0848-0686-408a-b9e2-90ab03d93ab6%2Cf2d594c8-ac88-4df8-9e2b-64faad7ae1cd%2Cee966cba-33a5-4dae-9f62-7d176d962c70%2C318f7d39-517c-455e-a8ce-17f6269067ba%2C7450bcda-6ee5-4800-9706-e4a3d81c6cd0%2C6d8e357a-b384-4ae8-913d-3f340e153a39%2Cac967895-99eb-4270-babb-871ff3fba38e%2C4920ef3e-d5d3-4db0-bce2-136cb8e1db5c%2C8fbc5117-fa24-4cb4-a9ff-1742e14c99ac%2C4251a6c4-9719-4cae-b2d2-11985e901e85%2Ca3f0bc05-f16f-4478-8853-9289a0f9a7ef%2C4fb2e754-e089-4b2e-8199-46ee31c8e395%2Cac494ba2-6823-4c9b-b4e7-0727db79bd4f%2C06de0488-9f4f-4733-8a24-191a856c5eea%2Cb72ba7dc-a8c8-4d8f-80ca-b4bb114f98a0%2Cfe6a43d4-4bf8-49bd-a045-c8807713e406%2C97f23e4f-016f-46a8-9ec7-b79df07a152d%2C5fb4da5b-9146-468a-b79d-baf58b036714%2C02d83359-6b83-4cbc-8b99-0390beab612f%2C808ed1ac-194b-42de-93c4-667d75499a3c%2Cce8bf862-9206-482f-bb77-003df589e5d7%2C97cb3647-cfaf-41cf-aed6-da7df0f23424%2C98b978ed-f4c9-456e-9c28-705b666e5ecf%2C5e830fa0-c56f-4be5-93e7-7436c87d0550%2C5ed33311-77bd-4ddd-ab7a-0822462fdf8f%2Cfd146509-6cb4-4937-ba15-771faf7a6309%2C3b3bb63b-7e15-4be5-b557-2f4f8a74243f%2Cef1ccf0c-4a0a-4e02-91f2-63c71e037482%2Ce9f185f5-271b-4530-b62a-b3547acd0418%2Ce05463bf-63cd-4c3e-a06e-46851f54c832%2Ce0a5af35-bb8a-4031-ae56-b073819b500f%2Ccb28e0fe-a6b5-4256-a141-d18617ba78c2%2C5ef928b5-8002-4c76-ad72-72d6a6125878%2C1b65c0d0-6a4e-40cb-aa9a-15d0bdff8400%2C9bb74eff-be91-4ac1-9e94-d4b53d1bed96%2C0cc3b8dc-a1fb-4514-ad5d-d4e85f7716e4%2Cd170c530-c229-47d8-b324-017c5a24665a%2C959921a5-4c73-42dd-bc86-69f38b692a1e%2C87d9678d-d6dd-45f9-9192-c21a84fb7600%2C3fceb8c4-ec83-49f5-ab07-1a62c1273180%2C5992a25f-ba03-4d95-b55d-ff5f70edb76a%2Cd68d5751-8b62-49d3-ad8d-4fe7eb945f0c%2C3dec7de8-0087-4229-8d1e-92a3a9ce5220%2C45ac7948-4106-4f76-b864-2b19f83bf1f8%2Cdbac1e3b-d42a-441c-8f33-9f7494f431c2%2Cf3df4c37-606c-4014-acaa-6dd9185ebe9e%2Cfd4f85aa-8587-40d6-8ff3-d2c91822ed67%2Ceef3445b-a18c-4fe7-92ac-de0a7fc3d870%2Ca7fb872e-5f4e-4510-9c6f-772bc18cea2f%2C6429829f-ec09-4404-a7b8-b625ffc13dda%2C34131deb-df20-43a4-ad5c-b8402ab77fcb%2C1c211bbc-e6b0-48bc-b952-105fa250a013%2C06ae7121-34c8-4593-8221-17a91757f884%2C4e645c21-08b7-46bf-aebd-07efcbc42ad2%2C92468b12-81f8-4065-9c0b-84f17514ece4%2C46c7e08e-fd1e-4aae-81c2-edcc30f74157%2Ccd0bd8ba-a7db-4af6-bd0c-b91fc127c96f%2C3e2772a5-7563-41c2-bd7d-73c0f94fd184%2Ce1c6b3c1-07bc-401d-85e6-741d3b6821a4%2C347fffdb-fc6c-4813-a8eb-84938bbc8637%2C3538eb63-0308-49f4-9d86-145c39245cff%2C99e317d3-3252-40f4-83a4-df90107a8f96%2C3a603222-bbe6-4b91-9cfe-64daa3de0c07%2C4fdbf4f3-4db9-4383-94fb-62ca334cef76%2C5c42b8cd-b594-4daa-9b74-b73f4e4aef99%2C9fa14f62-7a80-4e66-96c1-e5faf72c5ea4%2Cbeaf9c9f-83dd-42b9-8e7a-faa225e612a4%2C86b7be93-6339-4ea3-816b-e69dc1a1defc%2C1ebb4005-37e5-499f-b20f-f84751624c51%2Cba131fb5-7af6-4c93-abf3-e4a5af30920d%2C2a7bde6e-6d1d-4dc7-b411-c0ae54b01685%2C8b5a9210-42a5-4d42-ab26-ced93e5dc087%2C9396c663-1e6a-4d7e-9986-e19ff9919fd3%2Cc6326ea2-4014-4428-8a6a-cb9a7578a5e7%2Cd64b100a-dac5-4fb5-8d9e-794922489340%2C1967496f-f78a-437e-9627-ace1f18b1279%2C494cc208-bcba-47ee-a454-f8a3122144b9%2C54b0f0a5-e4a3-4552-9fde-0df2d882d7e8%2C49a23fc5-77ba-4803-8646-1b1aa113e183%2C704e92a5-00b0-470e-8bcf-75f6934daa0a%2C922ac82e-1d5d-4dde-8dc1-6ed659ef2797%2C0be4abb7-cdb6-481c-98d1-66f60e10876e%2C0b5ab17f-3722-436e-bef3-9886889cb160%2Caac980ba-5367-4c49-8db7-16073567e897%2Cf18057cb-a991-4f1b-93c8-2fbdae399dce%2C77536dc1-cde5-479c-8add-6d6f4a7ed27f%2C87a819ad-5af9-49e0-b9ad-11b783ba9883%2C17a2bff4-d8d7-45a8-91c7-5be3a209d6ac%2Ccbf92635-c730-4399-b225-1537a9a826d2%2C66864885-1842-48fc-b4d3-53d624ad6960%2Cd757ad05-104d-4e01-a9ac-9bcedefb2646%2C1b83ba13-3daf-47c2-b8f3-4903fd1cd3c1%2C450d78f8-99f3-44c2-ba8b-1c7a9454f709%2C46b9ea66-da12-4067-af3b-2a944168ac85%2Ccf91a6b7-f242-4d75-b87f-774f40fa23ed%2Cb57a42e9-659b-4727-bb16-f57736bb090f%2C39e8d039-cfe5-4478-9def-cb9d532bd823%2Cf285fa89-9b4b-4589-9e57-ec0aa06adb87%2C6c98ed62-2511-47b9-95df-1aea40bff9f3%2C50655741-be9f-4c12-b14e-5cf51f21eeed%2Ce429bd1e-c989-4fbc-8bcd-8a3ae001f611%2C2957cc34-2036-4780-be84-7ee4d76505d1%2Cf0af9e79-cf38-4c0c-9180-735e3dd4dd11%2C4de457f0-1f50-429e-ab1f-ab541dbc5786%2Ce15e5c75-02a0-4537-9742-6ce5c48d60fd%2C9921320d-36b1-4ec8-adf9-74338a252fbe%2Cdae2d1fb-0853-4137-868a-9448c7dc8a16%2Cb4d062e0-42d7-4b5f-946f-00d994b68112%2C6010d652-211b-4404-a725-8c0fb8af4d02%2C5395993a-01e8-48a8-9c0b-245d3b880dfa%2C45c46230-84a9-460b-a402-47fc4c31ed8c%2C79379163-f4ae-47fc-8752-fd6941055990%2C2240da23-e2bd-45f5-abef-65651065b6ed%2Caabcaa7a-65bc-4e83-9da4-3a6da0f8ec67%2Cd9d4dce2-1687-4e2f-b06e-87c46ff70f90%2C600c2378-6abb-4b59-b4f3-60e284bfd39b%2C67b0cd11-e924-4c7a-95d3-8d506e423318%2Cfca40e9a-ebb5-43a6-94e9-303720b23a95%2C1f360967-8fea-4a1a-ab62-85f68d1bccf4%2C01879bb6-424f-477c-adde-4eeb753cc846%2Cb6076d2a-5c6f-4204-af3f-456531c60a96%2Cecb95973-34db-4b99-a056-6e644e16b45b%2Cd9ba70cf-1b04-498e-9a37-08ab6d3bff48%2Cd22b5dc2-3008-4d84-b0fe-ceda6ba07df7%2C145ed3a6-1741-4dfd-b95c-e5329b5f0c44%2C71f9628d-07ff-4814-b5c7-99e9a5060358%2Cc166de0e-2039-4823-b47f-85a7c2f9a4fc%2Cdfea89b9-d7f4-41b3-b902-6ee52949e7a4%2C47968ccb-8b3f-420a-b804-f765356332bf%2C5bb426ac-2302-4664-9dd4-41c947e832fd%2C68292d09-b2c0-402c-b527-bf7102f97b3b%2C6265235a-2ca2-4132-9c78-b48a8ffac608%2C0c4aa8fe-eae1-491d-8d20-df1643da0fee%2C467e3fb9-6430-402f-862b-1b08a6c2ae1b%2C52459f26-d5ec-4b35-8498-a6a49d9bc93a%2Cd037db13-f271-41a6-809b-4de4484c9669%2C4e6be77a-3ac5-4a22-af56-5f4e12283734%2C392b5d26-65dc-4600-bdff-a428bd4482c4%2C0c0dbfd0-63f5-4877-92ff-f3218c6d9857%2Ccda6bb67-f715-425a-a8a3-27f98f1e0df5%2C6b280545-98a2-4e9a-bda0-bc9ac8c4c30b%2Cc4702d26-a01d-4825-b601-4414cfff394d%2C021f8877-19d1-434a-94b3-f1f2bf244450%2Cc6553bed-a177-4c72-991d-e919894f2795%2C2c3ff190-d363-44a3-81b2-0920ab4f569c%2C833ea6f0-74ca-4fc6-9dce-8763917a83c2%2C4f7efbdb-2798-4e2e-a84d-e2a1c02f5b94%2C972174bb-7ad8-413d-b829-b0b92d817227%2C22fd2c51-6161-404c-a74e-af8ad4f2e238%2C5f6b55ce-87f2-4ef8-88e9-2ecd2a4d89bc%2C2c31d9a1-0edf-44cc-929b-f82d7f48f90b%2Ce4eb3978-917c-41c1-97bb-40919563d149%2Cef422dea-e2a1-4f02-9623-09a010028b74%2Cdccee5c8-9a6c-4c54-a605-cf9777333b93%2C5257abf4-820f-41f4-b050-694a9242cac6%2C396b6e68-4b91-4329-a144-95600a47b5bd%2Cb9972388-b378-48ac-8829-9c4eb0420318%2C88b2e2e5-6bc5-4be8-9737-e142f33889a1%2C7cdbf8d6-c8b3-43f6-a588-7c31cfec59fa%2C10e31a06-db42-4fcd-85bd-2d4f64c94397%2Cd88cf079-f7c7-486f-a6ad-8a0f39f13319%2C0019521b-d34b-4555-a155-39724c49fe97%2C4639dde7-d79e-44f4-9b3a-f50731ff6a2b%2C78255dad-1a6a-4bd2-a1cf-e3b966e1062c%2Ccfa958d3-7abe-48e7-ad8f-d314e68f7729%2Cea70e6a1-c8ce-4aac-920a-6f30005a336f%2C151e6238-0557-48fa-b91d-06f9f9e1203d%2Ce35d3570-0eaf-4a39-b9f6-36b71253c8f6%2C7b164f1c-3db1-49c7-a78c-c2cbc443e809%2Cf8da61e7-e6f9-4ce9-b5d6-cf211766b799%2Cfa827336-9255-4968-866e-6f3c27996fba%2C5cbfa1ca-11e2-44cf-8442-1054c012d167%2C49813966-0a26-4f32-b691-1b55f6276610%2C8d6b6d77-c75c-4f97-a8f5-5631eb9395a7%2Cc01cbadb-e5bc-4ab5-b26c-9a6b0cb5c2fe%2C211f654c-b488-4230-ae7b-c7d5df375660%2C4f492251-f136-403f-82ce-61f16f52a935%2Caec2f309-5b78-4af6-999b-adc9ceae1b53%2C60f3c466-d299-4ce4-ac4e-6a7b7a65d888%2C40b37812-e368-4100-9dac-93f954cecefd%2Cf5d41a52-6e45-4b96-ad69-0c443121e559%2Cef5b6974-1890-48b9-8004-bdb9cd5f1722%2Cc1e95156-e109-468c-a939-5e28149eed3d%2C87aec28d-5132-4c6c-97e7-55bf620f5a9a%2C0373e0ec-c345-4c29-ade0-38a77cd5a028%2C5ce6698b-d270-4b88-8a7a-be05d7aa17c7%2Ceab4c305-3d9a-4d9c-aebe-f696fb614cc3%2Cbf4a627d-f4a7-4560-b6b4-3705b058cb2b%2Cfbec1925-0757-4813-acf0-3ba9ca160ba9%2C9626d2d5-6ffb-43c4-9938-d1f312d1b4d1%2C5cb14e24-dc28-444c-9bbf-8942ed431c34%2C6607da73-0650-4432-b067-a3125031411a%2C63e35efc-b427-4628-a167-9ab43721db6f%2C4e341d2c-b574-4f39-845a-614904fe7ef1%2C308afa98-5b0f-41d1-ad12-3cd1d97b82ca%2Cc8f2a376-4d38-433c-be7c-57168fb51b29%2C333128e6-3298-4f74-aaf7-6c02e634b4f2%2C9716b16a-dc7d-4281-b304-d045cd598f67%2C77d0bb21-93a2-4488-ac75-d1d54604d0de%2Cd84a4fad-7a61-499b-927b-b7fbfecd5670%2C5d7db2b8-bec8-4091-a0ca-bdf0869e465b%2C3fa25897-9402-4844-a9ed-936bf131a841%2C70d1555b-4417-49a7-9ca5-78ca45b58112%2Cefd08bd5-08b7-457a-8a71-45f0a6451d6d%2Cbb5d3cef-06ce-415e-8e25-283e40f103ed%2Ce7a18631-991f-4f59-80a6-2b1451a17a17%2C1fbd9082-dcae-4abc-a690-4cbc697dd478%2C04a96998-ad71-4682-9870-3ab9cb140943%2Cf865752a-601c-4422-9a05-2fead18a6380%2C0d4c3fd0-0b11-482d-9ba1-a7db07f8f191%2C951d090c-be26-4c8a-b95a-1ccfa1c192a8%2C5f50b27b-4492-461c-89f2-f9ed08bff6ca%2C29d012e1-bf3a-4992-bfbe-b3ca6b01a4ec%2Cb26ab37a-5789-46da-b780-38be036505a3%2Ce4c0bf51-a68c-47c2-b23b-34f163291f50%2C9fad32c7-9e0b-41e0-90f6-45c76f047bd3%2Cc022c87b-769a-49f4-a93e-6539437f796f%2Cb9174f57-5730-4373-a1ce-0fbca335fbf2%2C610ccbde-cd37-4047-ad3d-0ecb6edebf20%2C4c329788-ee2f-4c39-99b0-c0096717e269%2C8ebf3414-d3a7-4da9-be0b-f12993f673ee%2C6c324384-dd1e-4014-8262-30f95d325f9a%2Cb10ea6ba-db75-4dd0-a64a-629b74868417%2C7f22e875-c699-4495-984e-d422c0b4b1b7%2C485c83ab-ba69-4a78-89cc-ccf34b2e9f3a%2C3cb1330f-f308-4a8c-8c89-1bd041305f59%2C62eadc69-b5c6-40e3-b255-c4ecde719b8c%2C096afe63-2cf9-4b38-9294-5cf7c13e699a%2C725c5f12-6e8c-488e-84fa-ea1c7dbf780c%2C07f89d2c-ecbe-459d-a868-0ffc0cec22ee%2C625de4be-b745-4dd1-9915-b005336bab6c%2C1c115f9c-f90b-4694-9bad-ad4c5b5eb30c%2Ccfdb07d2-ca30-4668-8da1-6b15c4cd0425%2C7f1adf6e-ce66-492e-9d58-65817f4b38fe%2C9b6087d8-1bff-4c73-a0b4-3aa5fda67560%2C13200854-3871-4c73-8ad1-10977c760193%2C19a5279e-6e23-45ba-92ef-44db6781ff7c%2Ceed92a5e-bee2-47ab-b94e-73dacd167acf%2Ce5d7d7d9-6a95-4793-b2ee-599662bd1b36%2Cdac0dcc5-163e-4929-aaab-6add7c0bcb22%2Cb0e07b34-acba-442b-a229-5cca242d76fd%2C5c477ecf-c42b-48a0-a115-7805fd4f52d2%2C2e4b00a4-cb1c-4ab3-b008-7cf2fb2a1dca%2C834af779-4e56-4154-a25c-fd6a6e52779a%2C8c3fab9b-099f-4d71-963f-013c5d147917%2Cd1ac1692-814f-4140-91e6-8dde91b0a804%2C2431464e-623d-482e-8f74-a7dce46a7506%2C3529b5f6-b4b7-4b7e-bb26-fd0179adb86d%2C530e263e-444f-43f7-850d-d399cf07636b%2Ca445cb13-06e7-4b9a-abc2-020bd135c410%2C6496f1ad-2949-438f-bcdc-0fef39757f8c%2Cb6e810c2-3093-4e94-affa-79b8ea369fd6%2Cacdd3e16-7e1f-4f65-b917-0ad5fab386d0%2C78d34ae8-a169-4acf-8a11-2564889e0abb%2C02d90103-d7b1-47a9-94c8-6c475e9b2742%2C63edd346-734e-424a-9601-0023ec4441de%2C22659360-3765-4872-8088-f0433ae13ea6%2C4dc7bcc7-c9d7-46ae-8f40-e03879af6f92%2C52ab15db-c7b8-40ac-8e46-8a65015ee1ad%2Ca7ca7ea4-bb60-43c2-96fc-be00304be842%2C05d0d486-1b95-4791-97be-a87d35bc0dc5%2Cb5617217-66d9-4287-a7a6-ea103c3ab2d0%2C7ca82c21-dae3-46f1-b706-5acd3744ef49%2Cf3bffb54-b3de-437a-80f9-f16122563b83%2C2f51b2fe-915f-4949-979d-566ad6d74ed6%2C0a850305-840b-4112-9c5f-88701bdbf064%2C9bd78aca-db3b-418b-943b-7fef32298021%2Cfd1f202d-a535-47eb-bfa7-8c1483729aa4%2C901d4ec4-f4cc-4de2-8ee3-5207240aa784%2C94a9d43b-2622-4de0-bff5-c3c4fd23050c%2Cc0562e96-8239-4e7c-841c-84d9517b79d5%2C09696639-0451-46dd-8927-32fc892374ed%2Ca2d1eadb-cb8f-419a-a57e-8b56bea9e22f%2Cb1e6f05d-7f70-4961-8e24-98314228666d%2C864330a3-7d0c-4342-aaaa-847452a30990%2C80661460-c04b-4559-87e8-622ce5d37a3c%2C4501a868-7a74-4cc6-9fd2-b10cbc4a5805%2C13ba3f5f-a7ae-44b7-bc43-9c60571b714a%2C9ab90ebc-d9ee-41fe-b26b-c882c11b6f9e%2C69e386b3-ad5a-4665-94eb-6be6a51befbd%2C3a64ac50-a9fc-4054-98ad-a85f0b2bf664%2Ca38a9dde-18e9-4740-ad3d-fabff5da0e95%2C943d4e67-d7c4-4a51-a0d1-5083dd183f2f%2C08809abc-8382-41cb-8ca4-057d3e4ba28d%2C3055ab2e-1b34-4157-9a1f-e83be88b4e59%2Cb6ec4d7d-54cb-4e30-a75a-512ba7634b66%2C5040bc5f-b373-4b7c-a488-b4b0d28d0a50%2C055e3ba8-41ee-47f1-a553-1a46af15aa89%2C1bafd8c6-66d0-405d-920c-e6ad3964e8bb%2C7a315b6b-efd8-4d25-b5c7-4ebb069bb58f%2C2ad88942-a592-40e4-9248-17cc8542b792%2C4fe739be-a4bb-4bba-9686-c1229f12a102%2Cd8b5d482-9a30-4f3d-bdc2-5b8cb8326a36%2Cf8f452db-91bc-413c-93be-ba97d13051fd%2C89bf0693-8456-4a9d-b617-cdca9a7d6aaf%2Cf801d599-bc34-45ea-96f1-3029ed380e41%2C0ed99c2f-16ba-44f1-8b06-e35abe5c4a9a%2Cfcb6c00d-7dfc-44aa-8a99-b0534f492393%2C868cc33f-3843-4ba1-acee-289d95dc012e%2C3e522b4b-9200-4bcb-80de-de73a8082b64%2C41eac458-873e-44b9-b718-64edc0ec27c0%2C3b85548d-4810-4db8-b80b-f02f78822d42%2C49345b10-2b15-4553-a448-800835807b2a%2C0581cd1e-3541-4887-a1d2-a14e7c7ddba6%2C58e816a7-f4d6-4307-86d1-9421d4fb0b13%2C07f9b984-2ef0-4bc6-87b5-519b0c137d3c%2Ce740aaad-dbc3-4671-bf94-84c94821b5ba%2C93053941-641e-4948-899a-4ec6b9381aa0%2C22cdb738-08a5-4c8a-956e-392f71864425%2C6cafacf2-0fd5-4124-bf9e-fa51a1e96d9b%2Cdbecf562-7962-4667-9434-f6134e4abba6%2C91cfa39c-2e0c-4913-bba8-2c000ee3fe21%2C1b2737de-5df1-44a3-a6c5-ef35f9f776e1%2C79736399-7845-4faa-95ee-2f03303110ee%2C169d6148-4a3d-4be9-a482-80480cc7b7c6%2C38d598c6-f426-40d9-9f55-8f395da4ce66%2Cd855ed32-ecf5-48eb-86ac-97a5ac823ddb%2Ca8c2f77b-3c15-458d-9330-962b2e71a085%2Cf7d82b7d-83a0-4081-a7e9-f7884c24ca85%2Ce0d063f1-56a4-4c63-a621-1c98c30bc3d4%2C819faf45-7ea4-42eb-b247-826bd7b38b96%2C8ac078df-3cab-454e-9e7a-948f3ebb64f8%2C3045ab40-f6b6-44a9-a1fd-c8c50a994574%2C835cf4c4-f792-44e4-9ce4-de4a20c78982%2C137bfc85-cbb9-4d1a-bd06-5b3bc8557fb6%2C5b52baae-2a8c-4653-aa5e-7e8823256a88%2Cee3bb1ce-b651-4064-a4c3-ff1106e896c5%2C1ff9e662-5c03-48d5-bc20-5cb25eeeb688%2C3cf5c873-1828-4445-b2bc-7cf7ac927187%2Cee80a7c7-3e2a-4a95-94a8-381e634bf198%2C29229d98-4535-4b13-ac23-d5c74823f8df%2Ca3f33c0a-447e-4046-b4d7-cca27ae8cb64%2C7a21505b-1c86-4315-abd5-9248bcc4572d%2C46852ce4-5b47-404c-8233-e77a52e8661e%2Ccb619446-4aed-4348-8080-fb64d0e0439f%2C60808033-55f2-4c47-bef2-3c0ed29a82c7%2Cd083fe4e-54d1-4307-b06d-2aa1ae983cb4%2Ca2b2bb43-8dd9-451c-9ad7-c1814d8ae838%2C45e0d1ff-eb26-407a-b908-f5e7799dd032%2C29f40b52-cfc0-47ac-80d5-e523bbd1883f%2Ce71752f0-4fac-4ad4-af40-b87dff6fb525%2C876a820d-11b3-49bc-85b8-5042346fb36f%2C1b8af9db-f688-423f-9fb1-5f31225fa2cd%2C1c112f9a-91a0-4640-a43c-55ed683c12f2%2Cd0497448-e250-4ee4-a757-30196c7d5c6a%2Ca109f9d2-a949-4605-b48a-6e3470576530%2C58a146d3-ce8a-4cbd-8359-efa3b5caeed8%2Cc6e89523-89a2-4ae6-9a73-178e83ff104a%2C577a27be-34fe-4255-82f2-45cffe200174%2C8f510290-92df-4f8c-82de-87d3e3d75b1b%2C9a940dc3-553e-4e95-ba14-77f6acabd3c8%2Cb03d327e-b321-4297-ba01-bf7d5e98413c%2C43c3d05f-2864-4ef5-bd13-b1a102db1e7e%2C71659429-ed4c-42d2-b90f-1b8b9665f093%2C7049e9a7-61be-4768-96e0-065db436bacc%2Ccba5bb3c-da75-4f57-af8e-3647597d4af3%2Ca593a04c-cd5b-43fc-868f-4f3b4793689a%2C4fd1e001-af60-4d7d-8de2-22b64fdb558d%2Cc4d73a5b-8d06-44b3-873a-0869d0691938%2C2ea5459a-cd41-4d87-89f3-8de3b842f7b1%2C0819382b-370a-4500-8e57-4f34cfa96c1c%2C2ee1316d-5c67-4a3e-a7c2-2ea5d1c38280%2Ce78d9c86-7b13-47bd-8c9d-1ac4b36eb0f6%2Cdc000a4a-ffac-48ed-9990-b47ed24dd992%2Cbe6b49a0-028b-4606-a1ca-8c4645389ae2%2C5b276d35-55c3-460f-950c-92d9291f97ba%2C687b84d8-a51e-4b4b-ba3a-a4eac9cee227%2C1d867a7c-179b-4d94-ab35-0324d1113bb0%2Cf2fb0124-bec5-49f9-8d6a-286ddf7a2640%2Cf9f83594-c195-400f-8da2-a56234494349%2Ca9287e1a-10eb-42ba-86b1-1dc2469fb41e%2Ceac081a8-03b7-4354-82e2-fd711d8dca2e%2Ce70f0cc7-6d0e-495e-9f3d-ae838d534ff2%2Cb902afcf-d8d9-485d-87ae-610a7caafc93%2Cd466e746-9ce0-44e9-8eda-3acd9cbd47cb%2Cc93ea718-a12f-46da-8f85-31a47d8212fb%2C836d21a4-0187-411e-8b5e-63eb3a11da8c%2C2c7e2464-7676-4f33-a044-0432eb974e93%2Cab37a456-74b4-496b-a5d6-59457877f49c%2C09341f77-b0ab-4146-9bf7-abf607f54a18%2C578a6ad1-cb6d-45fe-8d94-ed508a503021%2C0af4a913-e6b7-4279-884b-819dbd7e8f59%2C7145dabe-032f-465b-bcff-eba38f6c47c3%2Cad4d224e-01b8-4f4c-bb32-ff0cd8bc859d%2C4efefa8a-4808-4cb2-877c-dc279991c675%2Cb82152a8-0a2f-4352-96bd-ee7998ec9b4d%2C2356bdd8-8745-4c76-9ed1-f15a98c5bb86%2C474676f8-9cb1-40e6-91ea-c3c2ca30d71e%2C200381a9-a519-4634-b36a-fdea0bbc24be%2C0a0c88b5-6e2d-4a5d-8de6-fed4cdc6602e%2Cb596fdb0-ab9b-4d53-b081-49b3f2bad50a%2Ca9707458-bb64-418c-a3c2-d06d176d117e%2C89081ad0-0a84-4710-ab8e-202ff4f98879%2C2af078e7-1776-4976-9721-c0c268a1e883%2C75707889-b50a-4adb-8b60-1d6ea0d163bc%2Cde1954ff-c877-4d99-b0bd-e8168e2f7934%2C94d6ff95-a696-4e09-b46f-0cc4261bbaca%2C36ffba3b-9bb2-4b48-a012-75b698acec1a%2C51a8555c-6c41-40c0-a7d2-6118d08ba0c3%2C21c17c99-03d1-4acc-a6dc-0da007c95a75%2C2c37a8d2-ade2-4ffe-ac22-ce3fe8613367%2Ce4277975-913b-4eb0-8dd9-eb51a5f623de%2C78cc78a1-5228-4995-928f-91e75c727632%2Cf1c9142a-b5eb-4f1b-885b-751b9fd16ad9%2C52cc7ae3-c40d-45f5-9911-b36ecd57b050%2Ce88c3a48-1ddf-44e5-98b4-f805e1b5eaf9%2Cd00f9eb2-56da-4495-9cac-c8d14c0da764%2Cda847027-9090-4b2a-a077-f70fb6c114c3%2Ccd7ebf38-8693-41d1-8306-34127132dc7e%2C997b75ad-6083-4b9e-a358-7cefbc58ddb6%2Cfe36ed4c-9e6b-41dd-90c5-b2405f81475a%2C67892d9f-dec1-47cb-96b7-10eddd996c08%2C26a4a585-062b-4587-9845-8655f782b9d5%2C1a1252d5-c924-4b50-80f2-02def638e069%2C8e1b884b-aca0-48f6-b236-19643155aa30%2C3fc98d22-4f4a-46c3-b1f7-ccb3bf756d0a%2C7eb5c47d-8cd5-4444-9231-886142bc80bd%2Cc3a6bade-8162-4097-8d70-7ad6a05eae70%2C6e0dfd97-3217-419e-bf05-8989243eae61%2C41d98c96-71a1-418e-95cb-0e4b79fa18e2%2Cbceecb1d-57da-46cf-8fe8-19a1b0708a60%2Ca1f0bf8a-60b9-4077-af68-2dd64be79d40%2Ce2e7f3dc-5f01-4ebf-aac0-a67060918a52%2Cbc45ed80-5f30-4711-9474-974c6f04e5e3%2C3a44f193-5520-4f29-b852-b9cdef3c1129%2C72b49ad1-7f51-4273-bbf0-90c6effbd5dd%2C4ba74352-8d49-4324-a6ff-6e1bdf04b2a4%2Ca860c997-27ac-4d60-93b6-c7954d15a218%2C707e160d-73cb-4903-ade1-f0ebfa7c5c9b%2C1a5451d8-1113-4cdb-b227-e6c17c4bbb62%2Cdbf1b8a0-809f-4f34-9da1-f9f96e77b229%2C0da2b5e4-3e5a-4150-9bd4-b4ca887c2c3f%2Cc6355202-adf0-4c8a-91b6-6b95c0908fbf%2Ce5e12202-4689-4ba6-836d-37832c14e34d%2C25613e5f-5a07-490e-94b9-61f6167848ff%2C6d8ef14b-d8f9-48a0-8bd7-8023fa08a705%2Cd320e47c-c9ad-433a-bf37-6bd4da011180%2C1614dbb9-a97c-4704-9fa2-3511c1415cf7%2C0c2ceee2-b28a-405f-ad67-3ff4b6c92978%2C17de76c4-36f8-4731-b725-96f595f75af1%2C2346ef99-ced1-4a01-9f9f-d281eb0770e7%2C41ee7952-ec20-40f6-af0e-0952c2c60ff6%2Cbb79479c-586a-467a-9449-c74cccc4303e%2Cac31a04b-ed83-496a-9324-c17385649791%2Ccafc537f-cea9-43c8-b8ab-376e4e1137f0%2C36e8c2d4-eed2-4682-89fb-ddda34024e94%2C834b9f11-a4d5-401b-9fa3-5030137fb9ad%2C89fbd1ec-4289-43ff-8e63-d51991b57bce%2Ce6fce579-25a0-4bc2-a468-e71975a1b1b2%2C47b0145c-937a-41ab-adfa-cbf8c9e2d508%2Cef94ba94-c631-4f31-a2ce-b76fc97821fa%2Ca60cc8a7-c3c3-4a57-8d61-fbf6682ce9ef%2C4ba6f1c2-c61d-4a07-9af6-633965ba5426%2C5d349484-ca16-4083-b8e0-4d40ee641e03%2C86daba7e-ca99-47ac-828e-80a0d283e879%2Cb3e3b15a-3ab3-4abd-99a2-70f8b23a2c74%2Cad93b5b3-b9a8-4560-8cda-1554d6683b73%2Ce11ad748-e40b-4810-aef0-8f5ebdfc7bd3%2C1e9ce6bd-cf44-434c-9191-532e27870a7a%2Cb21bf433-5cb1-4583-941e-862ca21b8913%2C54e6cdbe-a1ed-4844-9e3d-04a00d1f4774%2C83c50873-15b5-406a-99aa-cb03aae744dc%2C6993a6e5-0b81-4908-be9d-f5a3674eb7ce%2Cca6f159d-3bb8-4982-89ae-d42d7e9361bd%2C56c4ed1c-1087-4180-a9c1-e223650a7881%2Cb6634ae1-7bb2-405a-9189-319ffc4c7818%2Cdccfd82b-731f-4d48-9472-9067fbe9f751%2Cdb2bfb43-26c2-4afc-9585-b561118338f8%2C7227408b-11ff-48c5-a3ff-bf8b96c6c4d7%2C710ecbe9-81c7-4d06-9517-8ecfc6c463d9%2Cbaed6ad3-31c5-4d01-9665-c9574852b19d%2C3698cf83-2cd6-47e3-ad74-ee87bf4a5d81%2C19aecf8b-f6bf-4e56-bbfe-1af1739165a3%2Cfc00c2db-458d-4a94-be7d-d865fd8e745b%2C0a191788-4a19-4f9f-b000-9577d81e72ef%2C12db4315-4c3e-4e93-be91-f8aad631270a%2Ca6fc3b88-9687-4e84-b360-2e1a4206e51e%2Cc38cb2bd-4a30-4850-9b71-0460e860c3fa%2C7ec3ddc9-cfe1-4865-bd50-300310334085%2C7d9f06fe-6005-4496-8866-eed344093e69%2C227e163b-7949-4c60-af6a-f375891024f4%2C7d0e892b-6bda-4260-a357-f615fa101a4e%2C8ea4fbd4-eb07-4f79-a7d7-6d3db725b12c%2Ca844e9af-a5aa-4040-92ee-1f862046753a%2C4820e818-4bb9-422c-9a09-6ab5a08a9c8a%2Ca0ce2fc3-b98e-49df-b3e9-f033aea3f00b%2Ce6ee8674-41b8-4c1c-b539-4f9c7de33433%2Cfb73d003-2b73-44ff-bc72-772ddf622de3%2Cf6eef843-bdbd-410e-b0eb-0957cd3a2cf7%2C42fcee7c-ddcd-48f2-b3f5-3f2f132c8633%2C1f39dd47-7439-4d96-8164-538ef7c8018f%2C59c5b340-4421-4cc9-a69c-049eb0f61b4a%2Ccde90c32-018a-4457-9882-ab578fc7169b%2C2a8a75a7-bd71-45ec-bac5-585a4e75173b%2C317d0a4b-4055-4066-abf0-dae72937e24e%2C0fed89bf-e99b-43c5-adc2-c1f6aa9789c3%2Ce212c8a5-2cb2-4a22-96b9-b704a92a9134%2Cd63a8c56-aa47-44ff-9db2-594a42874e97%2Cb33cd881-fb4b-4603-bf6c-e3aa9e5e732d%2Ce10be4a6-c547-4ec7-949e-9bcf792cb07a%2C7bde9eca-5caf-4f1d-9e85-f546bca02fbc%2Cfbfb8f1e-b324-4f17-b5e4-85fde9771f4b%29&cik=not.is.null "HTTP/2 200 OK"
INFO:collectors.sec_filing_parser:✓ Found DEF 14A filing for CIK 0001045810 (Date: 2025-05-13)
INFO:collectors.sec_filing_parser:✓ Found DEF 14A filing for CIK 0001321655 (Date: 2025-04-25)
INFO:collectors.sec_filing_parser:✓ Found DEF 14A filing for CIK 0001835632 (Date: 2025-05-01)
INFO:collectors.sec_filing_parser:✓ Found DEF 14A filing for CIK 0000004281 (Date: 2025-04-16)
INFO:collectors.sec_filing_parser:✓ Found DEF 14A filing for CIK 0000032604 (Date: 2025-12-12)
ERROR:collectors.sec_filing_parser:Error fetching filing for CIK 0001571996: HTTPSConnectionPool(host='data.sec.gov', port=443): Max retries exceeded with url: /submissions/CIK0001571996.json (Caused by NameResolutionError("<urllib3.connection.HTTPSConnection object at 0x118e69550>: Failed to resolve 'data.sec.gov' ([Errno 8] nodename nor servname provided, or not known)"))
ERROR:collectors.sec_filing_parser:Error fetching filing for CIK 0001321655: HTTPSConnectionPool(host='data.sec.gov', port=443): Max retries exceeded with url: /submissions/CIK0001321655.json (Caused by NameResolutionError("<urllib3.connection.HTTPSConnection object at 0x118e69b80>: Failed to resolve 'data.sec.gov' ([Errno 8] nodename nor servname provided, or not known)"))
ERROR:collectors.sec_filing_parser:Error fetching filing for CIK 0001571996: HTTPSConnectionPool(host='data.sec.gov', port=443): Max retries exceeded with url: /submissions/CIK0001571996.json (Caused by NameResolutionError("<urllib3.connection.HTTPSConnection object at 0x118e69f40>: Failed to resolve 'data.sec.gov' ([Errno 8] nodename nor servname provided, or not known)"))
ERROR:collectors.sec_filing_parser:Error fetching filing for CIK 0001835632: HTTPSConnectionPool(host='data.sec.gov', port=443): Max retries exceeded with url: /submissions/CIK0001835632.json (Caused by NameResolutionError("<urllib3.connection.HTTPSConnection object at 0x118e66940>: Failed to resolve 'data.sec.gov' ([Errno 8] nodename nor servname provided, or not known)"))
ERROR:collectors.sec_filing_parser:Error fetching filing for CIK 0000032604: HTTPSConnectionPool(host='data.sec.gov', port=443): Max retries exceeded with url: /submissions/CIK0000032604.json (Caused by NameResolutionError("<urllib3.connection.HTTPSConnection object at 0x118e57340>: Failed to resolve 'data.sec.gov' ([Errno 8] nodename nor servname provided, or not known)"))
ERROR:collectors.sec_filing_parser:Error fetching filing for CIK 0000004281: HTTPSConnectionPool(host='data.sec.gov', port=443): Max retries exceeded with url: /submissions/CIK0000004281.json (Caused by NameResolutionError("<urllib3.connection.HTTPSConnection object at 0x118e57d00>: Failed to resolve 'data.sec.gov' ([Errno 8] nodename nor servname provided, or not known)"))
INFO:collectors.sec_filing_parser:✓ Found DEF 14A filing for CIK 0000004281 (Date: 2025-04-16)
INFO:collectors.sec_filing_parser:✓ Found DEF 14A filing for CIK 0001561550 (Date: 2025-04-18)
INFO:collectors.sec_filing_parser:✓ Found DEF 14A filing for CIK 0001706946 (Date: 2025-04-15)
INFO:collectors.sec_filing_parser:✓ Found DEF 14A filing for CIK 0001321655 (Date: 2025-04-25)
INFO:collectors.sec_filing_parser:✓ Found DEF 14A filing for CIK 0001664703 (Date: 2025-04-02)
INFO:collectors.sec_filing_parser:✓ Found DEF 14A filing for CIK 0001176309 (Date: 2025-07-16)
INFO:collectors.sec_filing_parser:✓ Found DEF 14A filing for CIK 0001817229 (Date: 2025-08-08)
INFO:collectors.sec_filing_parser:✓ Found DEF 14A filing for CIK 0001157075 (Date: 2025-10-06)
INFO:collectors.sec_filing_parser:✓ Found DEF 14A filing for CIK 0001835579 (Date: 2024-04-26)
INFO:collectors.sec_filing_parser:✓ Found DEF 14A filing for CIK 0001736243 (Date: 2025-08-04)
INFO:collectors.sec_filing_parser:✓ Found DEF 14A filing for CIK 0000004281 (Date: 2025-04-16)
INFO:collectors.sec_filing_parser:✓ Found DEF 14A filing for CIK 0001651721 (Date: 2025-11-07)
INFO:collectors.sec_filing_parser:✓ Found DEF 14A filing for CIK 0001816431 (Date: 2025-03-20)
INFO:collectors.sec_filing_parser:✓ Found DEF 14A filing for CIK 0001707753 (Date: 2025-08-28)
INFO:collectors.sec_filing_parser:✓ Found DEF 14A filing for CIK 0001106644 (Date: 2025-11-14)
INFO:collectors.sec_filing_parser:✓ Found DEF 14A filing for CIK 0001831363 (Date: 2025-04-29)
INFO:collectors.sec_filing_parser:✓ Found DEF 14A filing for CIK 0001936258 (Date: 2025-05-08)
INFO:collectors.sec_filing_parser:✓ Found DEF 14A filing for CIK 0001946021 (Date: 2025-10-14)
INFO:collectors.sec_filing_parser:✓ Found DEF 14A filing for CIK 0001904286 (Date: 2024-07-26)
INFO:collectors.sec_filing_parser:✓ Found DEF 14A filing for CIK 0001907982 (Date: 2025-04-22)
INFO:collectors.sec_filing_parser:✓ Found DEF 14A filing for CIK 0001563665 (Date: 2025-04-29)
INFO:collectors.sec_filing_parser:✓ Found DEF 14A filing for CIK 0001844971 (Date: 2025-04-28)
INFO:collectors.sec_filing_parser:✓ Found DEF 14A filing for CIK 0001816431 (Date: 2025-03-20)
INFO:collectors.sec_filing_parser:✓ Found DEF 14A filing for CIK 0001847345 (Date: 2025-09-23)
INFO:collectors.sec_filing_parser:✓ Found DEF 14A filing for CIK 0001808898 (Date: 2025-10-14)
INFO:collectors.sec_filing_parser:✓ Found DEF 14A filing for CIK 0001533040 (Date: 2025-07-30)
INFO:collectors.sec_filing_parser:✓ Found DEF 14A filing for CIK 0001742927 (Date: 2025-11-04)
INFO:collectors.sec_filing_parser:✓ Found DEF 14A filing for CIK 0001583771 (Date: 2025-04-28)
INFO:collectors.sec_filing_parser:✓ Found DEF 14A filing for CIK 0001963685 (Date: 2025-09-16)
INFO:collectors.sec_filing_parser:✓ Found DEF 14A filing for CIK 0001778114 (Date: 2025-04-08)
INFO:collectors.sec_filing_parser:✓ Found DEF 14A filing for CIK 0001348911 (Date: 2025-08-21)
INFO:collectors.sec_filing_parser:✓ Found DEF 14A filing for CIK 0001844971 (Date: 2025-04-28)
INFO:collectors.sec_filing_parser:✓ Found DEF 14A filing for CIK 0001595097 (Date: 2025-04-01)
INFO:collectors.sec_filing_parser:✓ Found DEF 14A filing for CIK 0001481028 (Date: 2013-10-10)
INFO:collectors.sec_filing_parser:✓ Found DEF 14A filing for CIK 0001163609 (Date: 2025-04-29)
INFO:collectors.sec_filing_parser:✓ Found DEF 14A filing for CIK 0001231457 (Date: 2025-07-11)
INFO:collectors.sec_filing_parser:✓ Found DEF 14A filing for CIK 0001172069 (Date: 2025-03-26)
INFO:collectors.sec_filing_parser:✓ Found DEF 14A filing for CIK 0001815903 (Date: 2025-03-18)
INFO:collectors.sec_filing_parser:✓ Found DEF 14A filing for CIK 0001583771 (Date: 2025-04-28)
INFO:collectors.sec_filing_parser:✓ Found DEF 14A filing for CIK 0001742927 (Date: 2025-11-04)
INFO:collectors.sec_filing_parser:✓ Found DEF 14A filing for CIK 0000914201 (Date: 2002-04-16)
INFO:collectors.sec_filing_parser:✓ Found DEF 14A filing for CIK 0001501697 (Date: 2025-04-25)
INFO:collectors.sec_filing_parser:✓ Found DEF 14A filing for CIK 0001860782 (Date: 2024-04-25)
INFO:collectors.sec_filing_parser:✓ Found DEF 14A filing for CIK 0001551986 (Date: 2022-08-02)
INFO:collectors.sec_filing_parser:✓ Found DEF 14A filing for CIK 0001310094 (Date: 2012-01-20)
INFO:collectors.sec_filing_parser:✓ Found DEF 14A filing for CIK 0001441848 (Date: 2009-04-15)
INFO:collectors.sec_filing_parser:✓ Found DEF 14A filing for CIK 0001703057 (Date: 2025-04-29)
INFO:collectors.sec_filing_parser:✓ Found DEF 14A filing for CIK 0001409012 (Date: 2009-10-30)
INFO:collectors.sec_filing_parser:✓ Found DEF 14A filing for CIK 0000932127 (Date: 2004-03-08)
INFO:collectors.sec_filing_parser:✓ Found DEF 14A filing for CIK 0001388320 (Date: 2025-11-05)
INFO:collectors.sec_filing_parser:✓ Found DEF 14A filing for CIK 0001115143 (Date: 2008-04-28)
INFO:collectors.sec_filing_parser:✓ Found DEF 14A filing for CIK 0000737207 (Date: 2022-06-27)
INFO:collectors.sec_filing_parser:✓ Found DEF 14A filing for CIK 0001301501 (Date: 2018-04-18)
INFO:collectors.sec_filing_parser:✓ Found DEF 14A filing for CIK 0001319439 (Date: 2007-10-29)
INFO:collectors.sec_filing_parser:✓ Found DEF 14A filing for CIK 0001533743 (Date: 2025-08-13)
INFO:collectors.sec_filing_parser:✓ Found DEF 14A filing for CIK 0001513525 (Date: 2025-06-10)
INFO:collectors.sec_filing_parser:✓ Found DEF 14A filing for CIK 0001158223 (Date: 2014-08-18)
INFO:collectors.sec_filing_parser:✓ Found DEF 14A filing for CIK 0001076167 (Date: 2011-04-01)
INFO:collectors.sec_filing_parser:✓ Found DEF 14A filing for CIK 0001261734 (Date: 2009-01-28)
INFO:collectors.sec_filing_parser:✓ Found DEF 14A filing for CIK 0001720580 (Date: 2025-11-17)
INFO:collectors.sec_filing_parser:✓ Found DEF 14A filing for CIK 0000786623 (Date: 2007-02-01)
INFO:collectors.sec_filing_parser:✓ Found DEF 14A filing for CIK 0001837607 (Date: 2025-04-29)
INFO:collectors.sec_filing_parser:✓ Found DEF 14A filing for CIK 0000811210 (Date: 1999-04-19)
INFO:collectors.sec_filing_parser:✓ Found DEF 14A filing for CIK 0000822411 (Date: 2017-04-28)
INFO:collectors.sec_filing_parser:✓ Found DEF 14A filing for CIK 0001631650 (Date: 2020-04-09)
INFO:collectors.sec_filing_parser:✓ Found DEF 14A filing for CIK 0001423824 (Date: 2019-04-30)
INFO:collectors.sec_filing_parser:✓ Found DEF 14A filing for CIK 0001009922 (Date: 2005-06-14)
INFO:collectors.sec_filing_parser:✓ Found DEF 14A filing for CIK 0001014763 (Date: 2025-10-01)
INFO:collectors.sec_filing_parser:✓ Found DEF 14A filing for CIK 0001042420 (Date: 2008-04-29)
INFO:collectors.sec_filing_parser:✓ Found DEF 14A filing for CIK 0001460702 (Date: 2025-12-15)
INFO:httpx:HTTP Request: PATCH https://mpabbijfgrmqiqnysiwf.supabase.co/rest/v1/board_composition_annual?company_id=eq.032b380f-94da-421e-94bf-89360979733d&fiscal_year=eq.2024 "HTTP/2 200 OK"
INFO:collectors.sec_filing_parser:✓ Found DEF 14A filing for CIK 0001662524 (Date: 2018-03-26)
INFO:collectors.sec_filing_parser:✓ Found DEF 14A filing for CIK 0001000688 (Date: 2003-10-20)
INFO:collectors.sec_filing_parser:✓ Found DEF 14A filing for CIK 0000924862 (Date: 1999-04-30)
INFO:collectors.sec_filing_parser:✓ Found DEF 14A filing for CIK 0001267602 (Date: 2023-06-29)
INFO:collectors.sec_filing_parser:✓ Found DEF 14A filing for CIK 0001848948 (Date: 2024-06-28)
INFO:collectors.sec_filing_parser:✓ Found DEF 14A filing for CIK 0001052837 (Date: 2005-04-28)
INFO:collectors.sec_filing_parser:✓ Found DEF 14A filing for CIK 0001893219 (Date: 2025-09-08)
INFO:collectors.sec_filing_parser:✓ Found DEF 14A filing for CIK 0000861838 (Date: 2023-07-21)
INFO:collectors.sec_filing_parser:✓ Found DEF 14A filing for CIK 0001576885 (Date: 2025-04-23)
INFO:collectors.sec_filing_parser:✓ Found DEF 14A filing for CIK 0001138776 (Date: 2019-08-07)
INFO:collectors.sec_filing_parser:✓ Found DEF 14A filing for CIK 0001280600 (Date: 2021-04-22)
INFO:collectors.sec_filing_parser:✓ Found DEF 14A filing for CIK 0001799448 (Date: 2025-04-28)
INFO:collectors.sec_filing_parser:✓ Found DEF 14A filing for CIK 0001624658 (Date: 2022-05-24)
INFO:collectors.sec_filing_parser:✓ Found DEF 14A filing for CIK 0001340744 (Date: 2008-04-28)
INFO:collectors.sec_filing_parser:✓ Found DEF 14A filing for CIK 0001836056 (Date: 2023-04-28)
INFO:collectors.sec_filing_parser:✓ Found DEF 14A filing for CIK 0001849011 (Date: 2022-12-01)
INFO:collectors.sec_filing_parser:✓ Found DEF 14A filing for CIK 0000893692 (Date: 2002-05-01)
INFO:collectors.sec_filing_parser:✓ Found DEF 14A filing for CIK 0000877929 (Date: 1998-04-06)
INFO:collectors.sec_filing_parser:✓ Found DEF 14A filing for CIK 0000840319 (Date: 2005-12-16)
INFO:collectors.sec_filing_parser:✓ Found DEF 14A filing for CIK 0001273636 (Date: 2021-10-15)
INFO:collectors.sec_filing_parser:✓ Found DEF 14A filing for CIK 0000874663 (Date: 2010-07-29)
INFO:collectors.sec_filing_parser:✓ Found DEF 14A filing for CIK 0001817241 (Date: 2025-04-29)
INFO:collectors.sec_filing_parser:✓ Found DEF 14A filing for CIK 0001572552 (Date: 2018-04-30)
INFO:collectors.sec_filing_parser:✓ Found DEF 14A filing for CIK 0001015441 (Date: 2006-06-28)
INFO:collectors.sec_filing_parser:✓ Found DEF 14A filing for CIK 0000884731 (Date: 2016-06-08)
INFO:collectors.sec_filing_parser:✓ Found DEF 14A filing for CIK 0001501796 (Date: 2025-04-24)
INFO:collectors.sec_filing_parser:✓ Found DEF 14A filing for CIK 0000949173 (Date: 2001-05-03)
INFO:collectors.sec_filing_parser:✓ Found DEF 14A filing for CIK 0001992243 (Date: 2025-10-24)
INFO:collectors.sec_filing_parser:✓ Found DEF 14A filing for CIK 0001660334 (Date: 2025-04-22)
INFO:collectors.sec_filing_parser:✓ Found DEF 14A filing for CIK 0001863127 (Date: 2025-04-18)
INFO:collectors.sec_filing_parser:✓ Found DEF 14A filing for CIK 0000788965 (Date: 2025-04-17)
INFO:collectors.sec_filing_parser:✓ Found DEF 14A filing for CIK 0001831915 (Date: 2025-04-28)
INFO:collectors.sec_filing_parser:✓ Found DEF 14A filing for CIK 0001426800 (Date: 2025-04-23)
INFO:collectors.sec_filing_parser:✓ Found DEF 14A filing for CIK 0001562051 (Date: 2025-08-25)
INFO:collectors.sec_filing_parser:✓ Found DEF 14A filing for CIK 0001707502 (Date: 2025-04-25)
INFO:collectors.sec_filing_parser:✓ Found DEF 14A filing for CIK 0001514705 (Date: 2025-04-03)
INFO:collectors.sec_filing_parser:✓ Found DEF 14A filing for CIK 0001808805 (Date: 2025-04-29)
INFO:collectors.sec_filing_parser:✓ Found DEF 14A filing for CIK 0002028336 (Date: 2025-11-21)
INFO:collectors.sec_filing_parser:✓ Found DEF 14A filing for CIK 0001749723 (Date: 2025-04-29)
INFO:collectors.sec_filing_parser:✓ Found DEF 14A filing for CIK 0000056868 (Date: 2025-04-21)
INFO:collectors.sec_filing_parser:✓ Found DEF 14A filing for CIK 0001855474 (Date: 2025-04-16)
INFO:collectors.sec_filing_parser:✓ Found DEF 14A filing for CIK 0001400897 (Date: 2025-04-23)
INFO:collectors.sec_filing_parser:✓ Found DEF 14A filing for CIK 0001380106 (Date: 2025-04-08)
INFO:collectors.sec_filing_parser:✓ Found DEF 14A filing for CIK 0001923891 (Date: 2025-02-28)
INFO:collectors.sec_filing_parser:✓ Found DEF 14A filing for CIK 0001776111 (Date: 2025-04-23)
INFO:collectors.sec_filing_parser:✓ Found DEF 14A filing for CIK 0000834365 (Date: 2025-07-08)
INFO:collectors.sec_filing_parser:✓ Found DEF 14A filing for CIK 0001619856 (Date: 2025-04-25)
INFO:collectors.sec_filing_parser:✓ Found DEF 14A filing for CIK 0001865506 (Date: 2025-06-24)
INFO:collectors.sec_filing_parser:✓ Found DEF 14A filing for CIK 0001833214 (Date: 2025-08-29)
INFO:collectors.sec_filing_parser:✓ Found DEF 14A filing for CIK 0001268533 (Date: 2025-07-10)
INFO:collectors.sec_filing_parser:✓ Found DEF 14A filing for CIK 0001625101 (Date: 2025-10-28)
INFO:collectors.sec_filing_parser:✓ Found DEF 14A filing for CIK 0001517518 (Date: 2025-03-07)
INFO:collectors.sec_filing_parser:✓ Found DEF 14A filing for CIK 0001621221 (Date: 2025-12-11)
INFO:collectors.sec_filing_parser:✓ Found DEF 14A filing for CIK 0001535527 (Date: 2025-05-06)
INFO:collectors.sec_filing_parser:✓ Found DEF 14A filing for CIK 0001781162 (Date: 2025-10-29)
INFO:collectors.sec_filing_parser:✓ Found DEF 14A filing for CIK 0001697500 (Date: 2025-04-04)
INFO:collectors.sec_filing_parser:✓ Found DEF 14A filing for CIK 0001851961 (Date: 2025-08-04)
INFO:collectors.sec_filing_parser:✓ Found DEF 14A filing for CIK 0001828161 (Date: 2025-07-25)
INFO:collectors.sec_filing_parser:✓ Found DEF 14A filing for CIK 0000727510 (Date: 2024-08-08)
INFO:collectors.sec_filing_parser:✓ Found DEF 14A filing for CIK 0001671502 (Date: 2025-07-17)
INFO:collectors.sec_filing_parser:✓ Found DEF 14A filing for CIK 0001941536 (Date: 2025-04-29)
INFO:collectors.sec_filing_parser:✓ Found DEF 14A filing for CIK 0001946021 (Date: 2025-10-14)
INFO:collectors.sec_filing_parser:✓ Found DEF 14A filing for CIK 0001815974 (Date: 2025-03-06)
INFO:collectors.sec_filing_parser:✓ Found DEF 14A filing for CIK 0001016504 (Date: 2025-10-28)
INFO:collectors.sec_filing_parser:✓ Found DEF 14A filing for CIK 0001847986 (Date: 2025-09-15)
INFO:collectors.sec_filing_parser:✓ Found DEF 14A filing for CIK 0000715446 (Date: 2025-02-06)
INFO:collectors.sec_filing_parser:✓ Found DEF 14A filing for CIK 0001593899 (Date: 2025-04-29)
INFO:collectors.sec_filing_parser:✓ Found DEF 14A filing for CIK 0001936224 (Date: 2025-05-13)
INFO:collectors.sec_filing_parser:✓ Found DEF 14A filing for CIK 0001819411 (Date: 2025-04-29)
INFO:collectors.sec_filing_parser:✓ Found DEF 14A filing for CIK 0001383062 (Date: 2015-01-23)
INFO:collectors.sec_filing_parser:✓ Found DEF 14A filing for CIK 0001103795 (Date: 2024-12-27)
INFO:collectors.sec_filing_parser:✓ Found DEF 14A filing for CIK 0001156041 (Date: 2025-11-14)
INFO:collectors.sec_filing_parser:✓ Found DEF 14A filing for CIK 0001117171 (Date: 2025-11-14)
INFO:collectors.sec_filing_parser:✓ Found DEF 14A filing for CIK 0001852016 (Date: 2025-04-11)
INFO:collectors.sec_filing_parser:✓ Found DEF 14A filing for CIK 0001848861 (Date: 2025-09-17)
INFO:collectors.sec_filing_parser:✓ Found DEF 14A filing for CIK 0001835579 (Date: 2024-04-26)
INFO:collectors.sec_filing_parser:✓ Found DEF 14A filing for CIK 0001276531 (Date: 2010-09-13)
INFO:collectors.sec_filing_parser:✓ Found DEF 14A filing for CIK 0001979005 (Date: 2025-11-10)
INFO:collectors.sec_filing_parser:✓ Found DEF 14A filing for CIK 0001474735 (Date: 2025-04-29)
INFO:collectors.sec_filing_parser:✓ Found DEF 14A filing for CIK 0001720893 (Date: 2025-11-12)
INFO:collectors.sec_filing_parser:✓ Found DEF 14A filing for CIK 0000880984 (Date: 2025-08-06)
INFO:collectors.sec_filing_parser:✓ Found DEF 14A filing for CIK 0001066764 (Date: 2020-12-15)
INFO:collectors.sec_filing_parser:✓ Found DEF 14A filing for CIK 0001106838 (Date: 2025-08-26)
INFO:collectors.sec_filing_parser:✓ Found DEF 14A filing for CIK 0001532286 (Date: 2025-03-06)
INFO:collectors.sec_filing_parser:✓ Found DEF 14A filing for CIK 0001819790 (Date: 2025-04-28)
INFO:collectors.sec_filing_parser:✓ Found DEF 14A filing for CIK 0000066418 (Date: 2025-07-23)
INFO:collectors.sec_filing_parser:✓ Found DEF 14A filing for CIK 0001314102 (Date: 2025-04-28)
INFO:collectors.sec_filing_parser:✓ Found DEF 14A filing for CIK 0001279704 (Date: 2025-04-28)
INFO:collectors.sec_filing_parser:✓ Found DEF 14A filing for CIK 0000924168 (Date: 2025-04-28)
INFO:collectors.sec_filing_parser:✓ Found DEF 14A filing for CIK 0001796280 (Date: 2025-04-23)
INFO:collectors.sec_filing_parser:✓ Found DEF 14A filing for CIK 0001946021 (Date: 2025-10-14)
INFO:collectors.sec_filing_parser:✓ Found DEF 14A filing for CIK 0001725160 (Date: 2025-04-30)
INFO:collectors.sec_filing_parser:✓ Found DEF 14A filing for CIK 0001892292 (Date: 2025-04-14)
INFO:collectors.sec_filing_parser:✓ Found DEF 14A filing for CIK 0001844417 (Date: 2023-06-16)
INFO:collectors.sec_filing_parser:✓ Found DEF 14A filing for CIK 0001329606 (Date: 2025-04-15)
INFO:collectors.sec_filing_parser:✓ Found DEF 14A filing for CIK 0001736243 (Date: 2025-08-04)
INFO:collectors.sec_filing_parser:✓ Found DEF 14A filing for CIK 0001694617 (Date: 2023-10-11)
INFO:collectors.sec_filing_parser:✓ Found DEF 14A filing for CIK 0000875729 (Date: 2022-02-07)
INFO:collectors.sec_filing_parser:✓ Found DEF 14A filing for CIK 0001847345 (Date: 2025-09-23)
INFO:collectors.sec_filing_parser:✓ Found DEF 14A filing for CIK 0001802255 (Date: 2025-03-28)
INFO:collectors.sec_filing_parser:✓ Found DEF 14A filing for CIK 0001712762 (Date: 2025-11-07)
INFO:collectors.sec_filing_parser:✓ Found DEF 14A filing for CIK 0001034842 (Date: 2025-04-10)
INFO:collectors.sec_filing_parser:✓ Found DEF 14A filing for CIK 0001534525 (Date: 2025-10-31)
INFO:collectors.sec_filing_parser:✓ Found DEF 14A filing for CIK 0001904286 (Date: 2024-07-26)
INFO:collectors.sec_filing_parser:✓ Found DEF 14A filing for CIK 0001652539 (Date: 2022-03-01)
INFO:collectors.sec_filing_parser:✓ Found DEF 14A filing for CIK 0001878313 (Date: 2025-04-08)
INFO:collectors.sec_filing_parser:✓ Found DEF 14A filing for CIK 0001388320 (Date: 2025-11-05)
INFO:collectors.sec_filing_parser:✓ Found DEF 14A filing for CIK 0001810560 (Date: 2025-11-10)
INFO:collectors.sec_filing_parser:✓ Found DEF 14A filing for CIK 0001506251 (Date: 2025-04-28)
INFO:collectors.sec_filing_parser:✓ Found DEF 14A filing for CIK 0001645460 (Date: 2025-04-25)
INFO:collectors.sec_filing_parser:✓ Found DEF 14A filing for CIK 0001130598 (Date: 2025-10-08)
INFO:collectors.sec_filing_parser:✓ Found DEF 14A filing for CIK 0001671502 (Date: 2025-07-17)
INFO:collectors.sec_filing_parser:✓ Found DEF 14A filing for CIK 0001962011 (Date: 2025-05-01)
INFO:collectors.sec_filing_parser:✓ Found DEF 14A filing for CIK 0001533743 (Date: 2025-08-13)
INFO:collectors.sec_filing_parser:✓ Found DEF 14A filing for CIK 0001412486 (Date: 2025-05-05)
INFO:collectors.sec_filing_parser:✓ Found DEF 14A filing for CIK 0001533040 (Date: 2025-07-30)
INFO:collectors.sec_filing_parser:✓ Found DEF 14A filing for CIK 0001847345 (Date: 2025-09-23)
INFO:collectors.sec_filing_parser:✓ Found DEF 14A filing for CIK 0001837607 (Date: 2025-04-29)
INFO:collectors.sec_filing_parser:✓ Found DEF 14A filing for CIK 0001016504 (Date: 2025-10-28)
INFO:collectors.sec_filing_parser:✓ Found DEF 14A filing for CIK 0001106644 (Date: 2025-11-14)
INFO:collectors.sec_filing_parser:✓ Found DEF 14A filing for CIK 0001513525 (Date: 2025-06-10)
INFO:collectors.sec_filing_parser:✓ Found DEF 14A filing for CIK 0001770787 (Date: 2025-04-14)
INFO:collectors.sec_filing_parser:✓ Found DEF 14A filing for CIK 0001713683 (Date: 2025-11-21)
INFO:collectors.sec_filing_parser:✓ Found DEF 14A filing for CIK 0001660134 (Date: 2025-05-08)
INFO:collectors.sec_filing_parser:✓ Found DEF 14A filing for CIK 0001823323 (Date: 2022-11-28)
INFO:collectors.sec_filing_parser:✓ Found DEF 14A filing for CIK 0001093691 (Date: 2025-12-12)
INFO:collectors.sec_filing_parser:✓ Found DEF 14A filing for CIK 0001054102 (Date: 2024-09-20)
INFO:collectors.sec_filing_parser:✓ Found DEF 14A filing for CIK 0000105744 (Date: 2025-10-24)
INFO:collectors.sec_filing_parser:✓ Found DEF 14A filing for CIK 0001289047 (Date: 2008-09-09)
INFO:collectors.sec_filing_parser:✓ Found DEF 14A filing for CIK 0001157075 (Date: 2025-10-06)
INFO:collectors.sec_filing_parser:✓ Found DEF 14A filing for CIK 0000727510 (Date: 2024-08-08)
INFO:collectors.sec_filing_parser:✓ Found DEF 14A filing for CIK 0001081938 (Date: 2022-10-04)
INFO:collectors.sec_filing_parser:✓ Found DEF 14A filing for CIK 0001757499 (Date: 2025-05-06)
INFO:collectors.sec_filing_parser:✓ Found DEF 14A filing for CIK 0001172069 (Date: 2025-03-26)
INFO:collectors.sec_filing_parser:✓ Found DEF 14A filing for CIK 0001347242 (Date: 2024-11-12)
INFO:collectors.sec_filing_parser:✓ Found DEF 14A filing for CIK 0001583771 (Date: 2025-04-28)
INFO:collectors.sec_filing_parser:✓ Found DEF 14A filing for CIK 0001815903 (Date: 2025-03-18)
INFO:collectors.sec_filing_parser:✓ Found DEF 14A filing for CIK 0001796129 (Date: 2025-05-12)
INFO:collectors.sec_filing_parser:✓ Found DEF 14A filing for CIK 0001742927 (Date: 2025-11-04)
INFO:collectors.sec_filing_parser:✓ Found DEF 14A filing for CIK 0000822411 (Date: 2017-04-28)
INFO:collectors.sec_filing_parser:✓ Found DEF 14A filing for CIK 0001013871 (Date: 2025-03-19)
INFO:collectors.sec_filing_parser:✓ Found DEF 14A filing for CIK 0001664703 (Date: 2025-04-02)
INFO:collectors.sec_filing_parser:✓ Found DEF 14A filing for CIK 0000858470 (Date: 2025-03-20)
INFO:collectors.sec_filing_parser:✓ Found DEF 14A filing for CIK 0001622536 (Date: 2025-03-19)
INFO:collectors.sec_filing_parser:✓ Found DEF 14A filing for CIK 0001599901 (Date: 2025-04-29)
INFO:collectors.sec_filing_parser:✓ Found DEF 14A filing for CIK 0000064996 (Date: 2025-04-01)
INFO:collectors.sec_filing_parser:✓ Found DEF 14A filing for CIK 0001658551 (Date: 2025-04-24)
INFO:collectors.sec_filing_parser:✓ Found DEF 14A filing for CIK 0001297184 (Date: 2025-04-14)
INFO:collectors.sec_filing_parser:✓ Found DEF 14A filing for CIK 0001314102 (Date: 2025-04-28)
INFO:collectors.sec_filing_parser:✓ Found DEF 14A filing for CIK 0001867096 (Date: 2025-04-23)
INFO:collectors.sec_filing_parser:✓ Found DEF 14A filing for CIK 0001796280 (Date: 2025-04-23)
INFO:collectors.sec_filing_parser:✓ Found DEF 14A filing for CIK 0001953926 (Date: 2025-04-28)
INFO:collectors.sec_filing_parser:✓ Found DEF 14A filing for CIK 0001867096 (Date: 2025-04-23)
INFO:collectors.sec_filing_parser:✓ Found DEF 14A filing for CIK 0001703057 (Date: 2025-04-29)
INFO:collectors.sec_filing_parser:✓ Found DEF 14A filing for CIK 0001081938 (Date: 2022-10-04)
INFO:collectors.sec_filing_parser:✓ Found DEF 14A filing for CIK 0001936258 (Date: 2025-05-08)
INFO:collectors.sec_filing_parser:✓ Found DEF 14A filing for CIK 0001697500 (Date: 2025-04-04)
INFO:collectors.sec_filing_parser:✓ Found DEF 14A filing for CIK 0001819790 (Date: 2025-04-28)
INFO:collectors.sec_filing_parser:✓ Found DEF 14A filing for CIK 0001831363 (Date: 2025-04-29)
INFO:collectors.sec_filing_parser:✓ Found DEF 14A filing for CIK 0001012477 (Date: 2025-06-18)
INFO:collectors.sec_filing_parser:✓ Found DEF 14A filing for CIK 0001778114 (Date: 2025-04-08)
INFO:collectors.sec_filing_parser:✓ Found DEF 14A filing for CIK 0001348911 (Date: 2025-08-21)
INFO:collectors.sec_filing_parser:✓ Found DEF 14A filing for CIK 0001626971 (Date: 2025-04-25)
INFO:collectors.sec_filing_parser:✓ Found DEF 14A filing for CIK 0001053369 (Date: 2020-04-29)
INFO:collectors.sec_filing_parser:✓ Found DEF 14A filing for CIK 0001062822 (Date: 2025-04-22)
INFO:collectors.sec_filing_parser:✓ Found DEF 14A filing for CIK 0001808898 (Date: 2025-10-14)
INFO:collectors.sec_filing_parser:✓ Found DEF 14A filing for CIK 0001710340 (Date: 2025-04-25)
INFO:collectors.sec_filing_parser:✓ Found DEF 14A filing for CIK 0001501697 (Date: 2025-04-25)
INFO:collectors.sec_filing_parser:✓ Found DEF 14A filing for CIK 0001593899 (Date: 2025-04-29)
INFO:collectors.sec_filing_parser:✓ Found DEF 14A filing for CIK 0001595097 (Date: 2025-04-01)
INFO:collectors.sec_filing_parser:✓ Found DEF 14A filing for CIK 0001817229 (Date: 2025-08-08)
INFO:collectors.sec_filing_parser:✓ Found DEF 14A filing for CIK 0001875558 (Date: 2025-04-28)
INFO:collectors.sec_filing_parser:✓ Found DEF 14A filing for CIK 0001828161 (Date: 2025-07-25)
INFO:collectors.sec_filing_parser:✓ Found DEF 14A filing for CIK 0001176309 (Date: 2025-07-16)
INFO:collectors.sec_filing_parser:✓ Found DEF 14A filing for CIK 0001725160 (Date: 2025-04-30)
INFO:collectors.sec_filing_parser:✓ Found DEF 14A filing for CIK 0001815974 (Date: 2025-03-06)
INFO:collectors.sec_filing_parser:✓ Found DEF 14A filing for CIK 0001660334 (Date: 2025-04-22)
INFO:collectors.sec_filing_parser:✓ Found DEF 14A filing for CIK 0001844417 (Date: 2023-06-16)
INFO:collectors.sec_filing_parser:✓ Found DEF 14A filing for CIK 0000890821 (Date: 2025-10-27)
INFO:collectors.sec_filing_parser:✓ Found DEF 14A filing for CIK 0001648636 (Date: 2021-11-12)
INFO:collectors.sec_filing_parser:✓ Found DEF 14A filing for CIK 0001539029 (Date: 2025-08-04)
INFO:collectors.sec_filing_parser:✓ Found DEF 14A filing for CIK 0001130781 (Date: 2004-06-11)
INFO:collectors.sec_filing_parser:✓ Found DEF 14A filing for CIK 0001230524 (Date: 2014-12-03)
INFO:collectors.sec_filing_parser:✓ Found DEF 14A filing for CIK 0001679817 (Date: 2019-03-27)
INFO:collectors.sec_filing_parser:✓ Found DEF 14A filing for CIK 0001869974 (Date: 2025-02-26)
INFO:collectors.sec_filing_parser:✓ Found DEF 14A filing for CIK 0001335288 (Date: 2009-07-29)
INFO:collectors.sec_filing_parser:✓ Found DEF 14A filing for CIK 0001975218 (Date: 2025-10-27)
INFO:collectors.sec_filing_parser:✓ Found DEF 14A filing for CIK 0001941536 (Date: 2025-04-29)
INFO:collectors.sec_filing_parser:✓ Found DEF 14A filing for CIK 0001806310 (Date: 2025-04-21)
INFO:collectors.sec_filing_parser:✓ Found DEF 14A filing for CIK 0001529113 (Date: 2025-10-10)
INFO:collectors.sec_filing_parser:✓ Found DEF 14A filing for CIK 0001645460 (Date: 2025-04-25)
INFO:collectors.sec_filing_parser:✓ Found DEF 14A filing for CIK 0001878313 (Date: 2025-04-08)
INFO:collectors.sec_filing_parser:✓ Found DEF 14A filing for CIK 0001651721 (Date: 2025-11-07)
INFO:collectors.sec_filing_parser:✓ Found DEF 14A filing for CIK 0000894556 (Date: 2010-01-29)
INFO:collectors.sec_filing_parser:✓ Found DEF 14A filing for CIK 0001325702 (Date: 2025-04-29)
INFO:collectors.sec_filing_parser:✓ Found DEF 14A filing for CIK 0001851961 (Date: 2025-08-04)
INFO:collectors.sec_filing_parser:✓ Found DEF 14A filing for CIK 0001844417 (Date: 2023-06-16)
INFO:collectors.sec_filing_parser:✓ Found DEF 14A filing for CIK 0001946021 (Date: 2025-10-14)
INFO:collectors.sec_filing_parser:✓ Found DEF 14A filing for CIK 0001879726 (Date: 2025-04-29)
INFO:collectors.sec_filing_parser:✓ Found DEF 14A filing for CIK 0001506251 (Date: 2025-04-28)
INFO:collectors.sec_filing_parser:✓ Found DEF 14A filing for CIK 0001130598 (Date: 2025-10-08)
INFO:collectors.sec_filing_parser:✓ Found DEF 14A filing for CIK 0001962011 (Date: 2025-05-01)
INFO:collectors.sec_filing_parser:✓ Found DEF 14A filing for CIK 0001412486 (Date: 2025-05-05)
INFO:collectors.sec_filing_parser:✓ Found DEF 14A filing for CIK 0001841925 (Date: 2025-04-21)
INFO:collectors.sec_filing_parser:✓ Found DEF 14A filing for CIK 0001626971 (Date: 2025-04-25)
INFO:collectors.sec_filing_parser:✓ Found DEF 14A filing for CIK 0001053369 (Date: 2020-04-29)
INFO:collectors.sec_filing_parser:✓ Found DEF 14A filing for CIK 0001062822 (Date: 2025-04-22)
INFO:collectors.sec_filing_parser:✓ Found DEF 14A filing for CIK 0001710340 (Date: 2025-04-25)
INFO:collectors.sec_filing_parser:✓ Found DEF 14A filing for CIK 0000076267 (Date: 2025-06-20)
INFO:collectors.sec_filing_parser:✓ Found DEF 14A filing for CIK 0001849820 (Date: 2025-09-25)
INFO:collectors.sec_filing_parser:✓ Found DEF 14A filing for CIK 0001843181 (Date: 2025-06-13)
INFO:collectors.sec_filing_parser:✓ Found DEF 14A filing for CIK 0001576885 (Date: 2025-04-23)
INFO:collectors.sec_filing_parser:✓ Found DEF 14A filing for CIK 0001875558 (Date: 2025-04-28)
INFO:collectors.sec_filing_parser:✓ Found DEF 14A filing for CIK 0001012477 (Date: 2025-06-18)
INFO:collectors.sec_filing_parser:✓ Found DEF 14A filing for CIK 0001953926 (Date: 2025-04-28)
INFO:collectors.sec_filing_parser:✓ Found DEF 14A filing for CIK 0001802255 (Date: 2025-03-28)
INFO:collectors.sec_filing_parser:✓ Found DEF 14A filing for CIK 0001658551 (Date: 2025-04-24)
INFO:collectors.sec_filing_parser:✓ Found DEF 14A filing for CIK 0001289490 (Date: 2025-04-01)
INFO:collectors.sec_filing_parser:✓ Found DEF 14A filing for CIK 0001895249 (Date: 2025-09-03)
INFO:collectors.sec_filing_parser:✓ Found DEF 14A filing for CIK 0000896264 (Date: 2025-04-04)
INFO:collectors.sec_filing_parser:✓ Found DEF 14A filing for CIK 0001187953 (Date: 2025-11-13)
INFO:collectors.sec_filing_parser:✓ Found DEF 14A filing for CIK 0001780312 (Date: 2025-10-28)
INFO:collectors.sec_filing_parser:✓ Found DEF 14A filing for CIK 0001743881 (Date: 2025-04-30)
INFO:collectors.sec_filing_parser:✓ Found DEF 14A filing for CIK 0001178697 (Date: 2025-09-19)
INFO:collectors.sec_filing_parser:✓ Found DEF 14A filing for CIK 0001842939 (Date: 2025-02-10)
INFO:collectors.sec_filing_parser:✓ Found DEF 14A filing for CIK 0001716166 (Date: 2025-09-29)
INFO:collectors.sec_filing_parser:✓ Found DEF 14A filing for CIK 0001346830 (Date: 2024-04-22)
INFO:collectors.sec_filing_parser:✓ Found DEF 14A filing for CIK 0001936258 (Date: 2025-05-08)
INFO:collectors.sec_filing_parser:✓ Found DEF 14A filing for CIK 0001822523 (Date: 2025-09-16)
INFO:collectors.sec_filing_parser:✓ Found DEF 14A filing for CIK 0000722572 (Date: 2025-11-12)
INFO:collectors.sec_filing_parser:✓ Found DEF 14A filing for CIK 0001413891 (Date: 2017-10-06)
INFO:collectors.sec_filing_parser:✓ Found DEF 14A filing for CIK 0000900475 (Date: 1997-03-05)
INFO:collectors.sec_filing_parser:✓ Found DEF 14A filing for CIK 0001759655 (Date: 2025-04-04)
INFO:collectors.sec_filing_parser:✓ Found DEF 14A filing for CIK 0001831651 (Date: 2025-03-20)
INFO:collectors.sec_filing_parser:✓ Found DEF 14A filing for CIK 0001604522 (Date: 2025-04-14)
INFO:collectors.sec_filing_parser:✓ Found DEF 14A filing for CIK 0001828791 (Date: 2025-04-23)
INFO:collectors.sec_filing_parser:✓ Found DEF 14A filing for CIK 0000884121 (Date: 2025-04-14)
INFO:collectors.sec_filing_parser:✓ Found DEF 14A filing for CIK 0000704440 (Date: 2025-04-04)
INFO:collectors.sec_filing_parser:✓ Found DEF 14A filing for CIK 0000925528 (Date: 2025-04-25)
INFO:collectors.sec_filing_parser:✓ Found DEF 14A filing for CIK 0001386301 (Date: 2025-09-24)
INFO:collectors.sec_filing_parser:✓ Found DEF 14A filing for CIK 0001636651 (Date: 2025-11-07)
INFO:collectors.sec_filing_parser:✓ Found DEF 14A filing for CIK 0001737995 (Date: 2025-09-23)
INFO:collectors.sec_filing_parser:✓ Found DEF 14A filing for CIK 0001610618 (Date: 2025-04-25)
INFO:collectors.sec_filing_parser:✓ Found DEF 14A filing for CIK 0001818201 (Date: 2025-04-08)
INFO:collectors.sec_filing_parser:✓ Found DEF 14A filing for CIK 0000818033 (Date: 2025-09-19)
INFO:collectors.sec_filing_parser:✓ Found DEF 14A filing for CIK 0000728387 (Date: 2025-04-16)
INFO:collectors.sec_filing_parser:✓ Found DEF 14A filing for CIK 0001141284 (Date: 2025-09-29)
INFO:collectors.sec_filing_parser:✓ Found DEF 14A filing for CIK 0001532619 (Date: 2025-08-01)
INFO:collectors.sec_filing_parser:✓ Found DEF 14A filing for CIK 0000856982 (Date: 2025-04-01)
INFO:collectors.sec_filing_parser:✓ Found DEF 14A filing for CIK 0000808439 (Date: 2004-07-12)
INFO:collectors.sec_filing_parser:✓ Found DEF 14A filing for CIK 0001736730 (Date: 2025-04-30)
INFO:collectors.sec_filing_parser:✓ Found DEF 14A filing for CIK 0001911545 (Date: 2025-11-17)
INFO:collectors.sec_filing_parser:✓ Found DEF 14A filing for CIK 0001422892 (Date: 2025-10-22)
INFO:collectors.sec_filing_parser:✓ Found DEF 14A filing for CIK 0001642159 (Date: 2017-02-23)
INFO:collectors.sec_filing_parser:✓ Found DEF 14A filing for CIK 0001866226 (Date: 2025-09-15)
INFO:collectors.sec_filing_parser:✓ Found DEF 14A filing for CIK 0000908259 (Date: 2020-06-25)
INFO:collectors.sec_filing_parser:✓ Found DEF 14A filing for CIK 0001697532 (Date: 2025-04-28)
INFO:collectors.sec_filing_parser:✓ Found DEF 14A filing for CIK 0001630176 (Date: 2018-02-28)
INFO:collectors.sec_filing_parser:✓ Found DEF 14A filing for CIK 0000096885 (Date: 2022-01-11)
INFO:collectors.sec_filing_parser:✓ Found DEF 14A filing for CIK 0001812173 (Date: 2025-12-16)
INFO:collectors.sec_filing_parser:✓ Found DEF 14A filing for CIK 0001269026 (Date: 2025-07-31)
INFO:collectors.sec_filing_parser:✓ Found DEF 14A filing for CIK 0001374690 (Date: 2025-04-11)
INFO:collectors.sec_filing_parser:✓ Found DEF 14A filing for CIK 0001084475 (Date: 2005-01-28)
INFO:collectors.sec_filing_parser:✓ Found DEF 14A filing for CIK 0001133869 (Date: 2025-04-08)
INFO:collectors.sec_filing_parser:✓ Found DEF 14A filing for CIK 0001812360 (Date: 2025-01-06)
INFO:collectors.sec_filing_parser:✓ Found DEF 14A filing for CIK 0001805521 (Date: 2025-08-18)
INFO:collectors.sec_filing_parser:✓ Found DEF 14A filing for CIK 0001829794 (Date: 2025-05-06)
INFO:collectors.sec_filing_parser:✓ Found DEF 14A filing for CIK 0001852767 (Date: 2023-06-29)
INFO:collectors.sec_filing_parser:✓ Found DEF 14A filing for CIK 0001772720 (Date: 2025-05-21)
INFO:collectors.sec_filing_parser:✓ Found DEF 14A filing for CIK 0001099234 (Date: 2009-05-19)
INFO:collectors.sec_filing_parser:✓ Found DEF 14A filing for CIK 0000355948 (Date: 2025-08-25)
INFO:collectors.sec_filing_parser:✓ Found DEF 14A filing for CIK 0002019505 (Date: 2025-09-08)
INFO:collectors.sec_filing_parser:✓ Found DEF 14A filing for CIK 0001808220 (Date: 2025-04-28)
INFO:collectors.sec_filing_parser:✓ Found DEF 14A filing for CIK 0001881551 (Date: 2024-05-24)
INFO:collectors.sec_filing_parser:✓ Found DEF 14A filing for CIK 0001378140 (Date: 2025-12-04)
INFO:collectors.sec_filing_parser:✓ Found DEF 14A filing for CIK 0001841925 (Date: 2025-04-21)
INFO:collectors.sec_filing_parser:✓ Found DEF 14A filing for CIK 0001822966 (Date: 2025-11-20)
INFO:collectors.sec_filing_parser:✓ Found DEF 14A filing for CIK 0000064996 (Date: 2025-04-01)
INFO:collectors.sec_filing_parser:✓ Found DEF 14A filing for CIK 0001770787 (Date: 2025-04-14)
INFO:collectors.sec_filing_parser:✓ Found DEF 14A filing for CIK 0001801169 (Date: 2025-06-16)
INFO:collectors.sec_filing_parser:✓ Found DEF 14A filing for CIK 0001442620 (Date: 2016-06-06)
INFO:collectors.sec_filing_parser:✓ Found DEF 14A filing for CIK 0001494891 (Date: 2025-04-29)
INFO:collectors.sec_filing_parser:✓ Found DEF 14A filing for CIK 0000830616 (Date: 2025-05-06)
INFO:collectors.sec_filing_parser:✓ Found DEF 14A filing for CIK 0001839285 (Date: 2025-11-17)
INFO:collectors.sec_filing_parser:✓ Found DEF 14A filing for CIK 0001321834 (Date: 2025-10-20)
INFO:collectors.sec_filing_parser:✓ Found DEF 14A filing for CIK 0001830072 (Date: 2025-05-28)
INFO:collectors.sec_filing_parser:✓ Found DEF 14A filing for CIK 0002022416 (Date: 2025-07-31)
INFO:collectors.sec_filing_parser:✓ Found DEF 14A filing for CIK 0001365388 (Date: 2019-03-01)
INFO:collectors.sec_filing_parser:✓ Found DEF 14A filing for CIK 0001231457 (Date: 2025-07-11)
INFO:collectors.sec_filing_parser:✓ Found DEF 14A filing for CIK 0000894556 (Date: 2010-01-29)
INFO:collectors.sec_filing_parser:✓ Found DEF 14A filing for CIK 0001325702 (Date: 2025-04-29)
INFO:collectors.sec_filing_parser:✓ Found DEF 14A filing for CIK 0001946021 (Date: 2025-10-14)
INFO:collectors.sec_filing_parser:✓ Found DEF 14A filing for CIK 0001360604 (Date: 2025-04-08)
INFO:collectors.sec_filing_parser:✓ Found DEF 14A filing for CIK 0001672619 (Date: 2025-04-28)
INFO:collectors.sec_filing_parser:✓ Found DEF 14A filing for CIK 0000907654 (Date: 2025-04-18)
INFO:collectors.sec_filing_parser:✓ Found DEF 14A filing for CIK 0001566388 (Date: 2025-01-16)
INFO:collectors.sec_filing_parser:✓ Found DEF 14A filing for CIK 0001710350 (Date: 2025-08-05)
INFO:collectors.sec_filing_parser:✓ Found DEF 14A filing for CIK 0001124105 (Date: 2025-04-21)
INFO:collectors.sec_filing_parser:✓ Found DEF 14A filing for CIK 0001789972 (Date: 2025-04-25)
INFO:collectors.sec_filing_parser:✓ Found DEF 14A filing for CIK 0001806310 (Date: 2025-04-21)
INFO:collectors.sec_filing_parser:✓ Found DEF 14A filing for CIK 0001779128 (Date: 2025-03-24)
INFO:collectors.sec_filing_parser:✓ Found DEF 14A filing for CIK 0000004281 (Date: 2025-04-16)
INFO:collectors.sec_filing_parser:✓ Found DEF 14A filing for CIK 0001864531 (Date: 2025-11-24)
INFO:collectors.sec_filing_parser:✓ Found DEF 14A filing for CIK 0001094038 (Date: 2025-04-24)
INFO:collectors.sec_filing_parser:✓ Found DEF 14A filing for CIK 0001566044 (Date: 2025-11-12)
INFO:collectors.sec_filing_parser:✓ Found DEF 14A filing for CIK 0001529113 (Date: 2025-10-10)
INFO:collectors.sec_filing_parser:✓ Found DEF 14A filing for CIK 0001849820 (Date: 2025-09-25)
INFO:collectors.sec_filing_parser:✓ Found DEF 14A filing for CIK 0000944075 (Date: 2025-04-16)
INFO:collectors.sec_filing_parser:✓ Found DEF 14A filing for CIK 0001883085 (Date: 2025-04-30)
INFO:collectors.sec_filing_parser:✓ Found DEF 14A filing for CIK 0001690585 (Date: 2025-04-10)
INFO:collectors.sec_filing_parser:✓ Found DEF 14A filing for CIK 0001034842 (Date: 2025-04-10)
INFO:collectors.sec_filing_parser:✓ Found DEF 14A filing for CIK 0001849820 (Date: 2025-09-25)
INFO:collectors.sec_filing_parser:✓ Found DEF 14A filing for CIK 0001805077 (Date: 2025-09-02)
INFO:collectors.sec_filing_parser:✓ Found DEF 14A filing for CIK 0001724521 (Date: 2025-04-22)
INFO:collectors.sec_filing_parser:✓ Found DEF 14A filing for CIK 0001065059 (Date: 2025-04-25)
INFO:collectors.sec_filing_parser:✓ Found DEF 14A filing for CIK 0001572616 (Date: 2025-08-25)
INFO:collectors.sec_filing_parser:✓ Found DEF 14A filing for CIK 0001873875 (Date: 2025-10-27)
INFO:collectors.sec_filing_parser:✓ Found DEF 14A filing for CIK 0001505155 (Date: 2025-04-21)
INFO:collectors.sec_filing_parser:✓ Found DEF 14A filing for CIK 0001880438 (Date: 2025-04-10)
INFO:collectors.sec_filing_parser:✓ Found DEF 14A filing for CIK 0001191070 (Date: 2025-10-30)
INFO:collectors.sec_filing_parser:✓ Found DEF 14A filing for CIK 0001826660 (Date: 2025-11-04)
INFO:collectors.sec_filing_parser:✓ Found DEF 14A filing for CIK 0001567264 (Date: 2025-09-09)
INFO:collectors.sec_filing_parser:✓ Found DEF 14A filing for CIK 0000924515 (Date: 2021-07-06)
INFO:collectors.sec_filing_parser:✓ Found DEF 14A filing for CIK 0000034956 (Date: 2025-04-25)
INFO:collectors.sec_filing_parser:✓ Found DEF 14A filing for CIK 0002023658 (Date: 2025-04-25)
INFO:collectors.sec_filing_parser:✓ Found DEF 14A filing for CIK 0001645666 (Date: 2025-04-25)
INFO:collectors.sec_filing_parser:✓ Found DEF 14A filing for CIK 0001840233 (Date: 2025-10-20)
INFO:collectors.sec_filing_parser:✓ Found DEF 14A filing for CIK 0001005516 (Date: 2014-06-09)
INFO:collectors.sec_filing_parser:✓ Found DEF 14A filing for CIK 0001449792 (Date: 2025-09-30)
INFO:collectors.sec_filing_parser:✓ Found DEF 14A filing for CIK 0001841330 (Date: 2025-07-24)
INFO:collectors.sec_filing_parser:✓ Found DEF 14A filing for CIK 0001661053 (Date: 2025-10-30)
INFO:collectors.sec_filing_parser:✓ Found DEF 14A filing for CIK 0001622345 (Date: 2025-11-14)
INFO:collectors.sec_filing_parser:✓ Found DEF 14A filing for CIK 0001042418 (Date: 2017-11-13)
INFO:collectors.sec_filing_parser:✓ Found DEF 14A filing for CIK 0001781983 (Date: 2025-04-22)
INFO:collectors.sec_filing_parser:✓ Found DEF 14A filing for CIK 0001770236 (Date: 2024-11-05)
INFO:collectors.sec_filing_parser:✓ Found DEF 14A filing for CIK 0000915661 (Date: 1999-04-30)
INFO:collectors.sec_filing_parser:✓ Found DEF 14A filing for CIK 0001788841 (Date: 2023-10-23)
INFO:collectors.sec_filing_parser:✓ Found DEF 14A filing for CIK 0001870404 (Date: 2025-11-28)
INFO:collectors.sec_filing_parser:✓ Found DEF 14A filing for CIK 0001068689 (Date: 2002-09-09)
INFO:collectors.sec_filing_parser:✓ Found DEF 14A filing for CIK 0001781174 (Date: 2025-04-25)
INFO:collectors.sec_filing_parser:✓ Found DEF 14A filing for CIK 0001702780 (Date: 2025-04-29)
INFO:collectors.sec_filing_parser:✓ Found DEF 14A filing for CIK 0001561032 (Date: 2025-04-11)
INFO:collectors.sec_filing_parser:✓ Found DEF 14A filing for CIK 0000107815 (Date: 1994-11-01)
INFO:collectors.sec_filing_parser:✓ Found DEF 14A filing for CIK 0001347123 (Date: 2025-04-11)
INFO:collectors.sec_filing_parser:✓ Found DEF 14A filing for CIK 0000727346 (Date: 2022-10-20)
INFO:collectors.sec_filing_parser:✓ Found DEF 14A filing for CIK 0001597892 (Date: 2020-10-22)
INFO:collectors.sec_filing_parser:✓ Found DEF 14A filing for CIK 0001528172 (Date: 2019-11-14)
INFO:collectors.sec_filing_parser:✓ Found DEF 14A filing for CIK 0001830033 (Date: 2025-03-28)
INFO:collectors.sec_filing_parser:✓ Found DEF 14A filing for CIK 0001404644 (Date: 2025-04-25)
INFO:collectors.sec_filing_parser:✓ Found DEF 14A filing for CIK 0001816431 (Date: 2025-03-20)
INFO:collectors.sec_filing_parser:✓ Found DEF 14A filing for CIK 0001163609 (Date: 2025-04-29)
INFO:collectors.sec_filing_parser:✓ Found DEF 14A filing for CIK 0001405495 (Date: 2025-04-25)
INFO:collectors.sec_filing_parser:✓ Found DEF 14A filing for CIK 0001088856 (Date: 2025-04-25)
INFO:collectors.sec_filing_parser:✓ Found DEF 14A filing for CIK 0000821130 (Date: 2025-08-26)
INFO:collectors.sec_filing_parser:✓ Found DEF 14A filing for CIK 0001582961 (Date: 2025-04-25)
INFO:collectors.sec_filing_parser:✓ Found DEF 14A filing for CIK 0001636282 (Date: 2025-04-14)
INFO:collectors.sec_filing_parser:✓ Found DEF 14A filing for CIK 0002012593 (Date: 2025-04-24)
INFO:collectors.sec_filing_parser:✓ Found DEF 14A filing for CIK 0001756655 (Date: 2025-04-08)
INFO:collectors.sec_filing_parser:✓ Found DEF 14A filing for CIK 0000069633 (Date: 2025-10-24)
INFO:collectors.sec_filing_parser:✓ Found DEF 14A filing for CIK 0001616533 (Date: 2025-05-02)
INFO:collectors.sec_filing_parser:✓ Found DEF 14A filing for CIK 0000805267 (Date: 2025-04-14)
INFO:collectors.sec_filing_parser:✓ Found DEF 14A filing for CIK 0001635977 (Date: 2025-04-14)
INFO:collectors.sec_filing_parser:✓ Found DEF 14A filing for CIK 0001885522 (Date: 2025-04-29)
INFO:collectors.sec_filing_parser:✓ Found DEF 14A filing for CIK 0001133416 (Date: 2025-10-22)
INFO:collectors.sec_filing_parser:✓ Found DEF 14A filing for CIK 0000872912 (Date: 2025-04-01)
INFO:collectors.sec_filing_parser:✓ Found DEF 14A filing for CIK 0001394056 (Date: 2025-04-15)
INFO:collectors.sec_filing_parser:✓ Found DEF 14A filing for CIK 0001442836 (Date: 2025-04-29)
INFO:collectors.sec_filing_parser:✓ Found DEF 14A filing for CIK 0000013372 (Date: 1998-03-30)
INFO:collectors.sec_filing_parser:✓ Found DEF 14A filing for CIK 0001754068 (Date: 2025-07-01)
INFO:collectors.sec_filing_parser:✓ Found DEF 14A filing for CIK 0002017950 (Date: 2025-12-02)
INFO:collectors.sec_filing_parser:✓ Found DEF 14A filing for CIK 0001141240 (Date: 2023-05-16)
INFO:collectors.sec_filing_parser:✓ Found DEF 14A filing for CIK 0001533998 (Date: 2025-05-30)
INFO:collectors.sec_filing_parser:✓ Found DEF 14A filing for CIK 0001851909 (Date: 2025-03-25)
INFO:collectors.sec_filing_parser:✓ Found DEF 14A filing for CIK 0001963685 (Date: 2025-09-16)
INFO:collectors.sec_filing_parser:✓ Found DEF 14A filing for CIK 0000911177 (Date: 2025-04-18)
INFO:collectors.sec_filing_parser:✓ Found DEF 14A filing for CIK 0001907982 (Date: 2025-04-22)
INFO:collectors.sec_filing_parser:✓ Found DEF 14A filing for CIK 0000067347 (Date: 2025-07-09)
INFO:collectors.sec_filing_parser:✓ Found DEF 14A filing for CIK 0001708599 (Date: 2025-09-26)
INFO:collectors.sec_filing_parser:✓ Found DEF 14A filing for CIK 0001637715 (Date: 2025-04-16)
INFO:collectors.sec_filing_parser:✓ Found DEF 14A filing for CIK 0000814676 (Date: 2025-03-17)
INFO:collectors.sec_filing_parser:✓ Found DEF 14A filing for CIK 0001671284 (Date: 2025-04-30)
INFO:collectors.sec_filing_parser:✓ Found DEF 14A filing for CIK 0001915380 (Date: 2025-11-24)
INFO:collectors.sec_filing_parser:✓ Found DEF 14A filing for CIK 0001850119 (Date: 2025-12-02)
INFO:collectors.sec_filing_parser:✓ Found DEF 14A filing for CIK 0001840229 (Date: 2025-04-30)
INFO:collectors.sec_filing_parser:✓ Found DEF 14A filing for CIK 0001840877 (Date: 2025-10-17)
INFO:collectors.sec_filing_parser:✓ Found DEF 14A filing for CIK 0000844856 (Date: 2016-07-20)
INFO:collectors.sec_filing_parser:✓ Found DEF 14A filing for CIK 0001376793 (Date: 2018-05-08)
INFO:collectors.sec_filing_parser:✓ Found DEF 14A filing for CIK 0001709628 (Date: 2025-07-22)
INFO:collectors.sec_filing_parser:✓ Found DEF 14A filing for CIK 0001474167 (Date: 2025-08-22)
INFO:collectors.sec_filing_parser:✓ Found DEF 14A filing for CIK 0001580490 (Date: 2017-06-01)
INFO:collectors.sec_filing_parser:✓ Found DEF 14A filing for CIK 0001527352 (Date: 2025-06-17)
INFO:collectors.sec_filing_parser:✓ Found DEF 14A filing for CIK 0001711786 (Date: 2025-06-16)
INFO:collectors.sec_filing_parser:✓ Found DEF 14A filing for CIK 0001735041 (Date: 2025-12-08)
INFO:collectors.sec_filing_parser:✓ Found DEF 14A filing for CIK 0000320017 (Date: 2025-04-25)
INFO:collectors.sec_filing_parser:✓ Found DEF 14A filing for CIK 0001096938 (Date: 2015-07-08)
INFO:collectors.sec_filing_parser:✓ Found DEF 14A filing for CIK 0001544227 (Date: 2024-11-12)
INFO:collectors.sec_filing_parser:✓ Found DEF 14A filing for CIK 0001138476 (Date: 2008-03-13)
INFO:collectors.sec_filing_parser:✓ Found DEF 14A filing for CIK 0001414382 (Date: 2012-11-02)
INFO:collectors.sec_filing_parser:✓ Found DEF 14A filing for CIK 0001378590 (Date: 2025-08-07)
INFO:collectors.sec_filing_parser:✓ Found DEF 14A filing for CIK 0001831868 (Date: 2025-11-14)
INFO:collectors.sec_filing_parser:✓ Found DEF 14A filing for CIK 0001626644 (Date: 2023-10-30)
INFO:collectors.sec_filing_parser:✓ Found DEF 14A filing for CIK 0001086745 (Date: 2025-09-18)
INFO:collectors.sec_filing_parser:✓ Found DEF 14A filing for CIK 0001099369 (Date: 2025-03-11)
INFO:collectors.sec_filing_parser:✓ Found DEF 14A filing for CIK 0001880613 (Date: 2025-12-15)
INFO:collectors.sec_filing_parser:✓ Found DEF 14A filing for CIK 0001829635 (Date: 2025-07-15)
INFO:collectors.sec_filing_parser:✓ Found DEF 14A filing for CIK 0000023426 (Date: 2013-10-25)
INFO:collectors.sec_filing_parser:✓ Found DEF 14A filing for CIK 0001839998 (Date: 2023-02-09)
INFO:collectors.sec_filing_parser:✓ Found DEF 14A filing for CIK 0001840748 (Date: 2025-04-28)
INFO:collectors.sec_filing_parser:✓ Found DEF 14A filing for CIK 0001496454 (Date: 2024-09-16)
INFO:collectors.sec_filing_parser:✓ Found DEF 14A filing for CIK 0001014052 (Date: 2014-07-30)
INFO:collectors.sec_filing_parser:✓ Found DEF 14A filing for CIK 0001117228 (Date: 2024-02-09)
INFO:collectors.sec_filing_parser:✓ Found DEF 14A filing for CIK 0000319016 (Date: 2023-05-10)
INFO:collectors.sec_filing_parser:✓ Found DEF 14A filing for CIK 0001410172 (Date: 2022-11-21)
INFO:collectors.sec_filing_parser:✓ Found DEF 14A filing for CIK 0001481028 (Date: 2013-10-10)
INFO:collectors.sec_filing_parser:✓ Found DEF 14A filing for CIK 0001941536 (Date: 2025-04-29)
INFO:collectors.sec_filing_parser:✓ Found DEF 14A filing for CIK 0001563665 (Date: 2025-04-29)
INFO:collectors.sec_filing_parser:✓ Found DEF 14A filing for CIK 0001879726 (Date: 2025-04-29)
INFO:collectors.sec_filing_parser:✓ Found DEF 14A filing for CIK 0001321655 (Date: 2025-04-25)
INFO:collectors.sec_filing_parser:✓ Found DEF 14A filing for CIK 0001807794 (Date: 2025-08-25)
INFO:collectors.sec_filing_parser:✓ Found DEF 14A filing for CIK 0001509745 (Date: 2025-11-03)
INFO:collectors.sec_filing_parser:✓ Found DEF 14A filing for CIK 0001485003 (Date: 2025-07-07)
INFO:collectors.sec_filing_parser:✓ Found DEF 14A filing for CIK 0001342958 (Date: 2025-11-24)
INFO:collectors.sec_filing_parser:✓ Found DEF 14A filing for CIK 0001237831 (Date: 2025-04-25)
INFO:collectors.sec_filing_parser:✓ Found DEF 14A filing for CIK 0001910139 (Date: 2025-04-25)
INFO:collectors.sec_filing_parser:✓ Found DEF 14A filing for CIK 0000795403 (Date: 2025-04-01)
INFO:collectors.sec_filing_parser:✓ Found DEF 14A filing for CIK 0001428336 (Date: 2025-05-13)
INFO:collectors.sec_filing_parser:✓ Found DEF 14A filing for CIK 0001404593 (Date: 2012-02-06)
INFO:collectors.sec_filing_parser:✓ Found DEF 14A filing for CIK 0001865782 (Date: 2025-04-18)
INFO:collectors.sec_filing_parser:✓ Found DEF 14A filing for CIK 0001167419 (Date: 2025-04-17)
INFO:collectors.sec_filing_parser:✓ Found DEF 14A filing for CIK 0001364885 (Date: 2025-04-23)
INFO:collectors.sec_filing_parser:✓ Found DEF 14A filing for CIK 0000038725 (Date: 2025-03-19)
INFO:collectors.sec_filing_parser:✓ Found DEF 14A filing for CIK 0001607678 (Date: 2025-04-08)
INFO:collectors.sec_filing_parser:✓ Found DEF 14A filing for CIK 0001794515 (Date: 2025-03-27)
INFO:collectors.sec_filing_parser:✓ Found DEF 14A filing for CIK 0001818794 (Date: 2025-04-15)
INFO:collectors.sec_filing_parser:✓ Found DEF 14A filing for CIK 0001047335 (Date: 2025-03-28)
INFO:collectors.sec_filing_parser:✓ Found DEF 14A filing for CIK 0001801170 (Date: 2025-04-28)
INFO:collectors.sec_filing_parser:✓ Found DEF 14A filing for CIK 0001819133 (Date: 2025-04-21)
INFO:collectors.sec_filing_parser:✓ Found DEF 14A filing for CIK 0001857816 (Date: 2025-04-29)
INFO:collectors.sec_filing_parser:✓ Found DEF 14A filing for CIK 0000945114 (Date: 2025-04-23)
INFO:collectors.sec_filing_parser:✓ Found DEF 14A filing for CIK 0001832511 (Date: 2025-04-29)
INFO:collectors.sec_filing_parser:✓ Found DEF 14A filing for CIK 0001738021 (Date: 2025-04-29)
INFO:collectors.sec_filing_parser:✓ Found DEF 14A filing for CIK 0001398733 (Date: 2025-04-25)
INFO:collectors.sec_filing_parser:✓ Found DEF 14A filing for CIK 0001826457 (Date: 2025-04-25)
INFO:collectors.sec_filing_parser:✓ Found DEF 14A filing for CIK 0001650648 (Date: 2025-04-29)
INFO:collectors.sec_filing_parser:✓ Found DEF 14A filing for CIK 0001819974 (Date: 2025-04-08)
INFO:collectors.sec_filing_parser:✓ Found DEF 14A filing for CIK 0001789029 (Date: 2025-04-30)
INFO:collectors.sec_filing_parser:✓ Found DEF 14A filing for CIK 0001843181 (Date: 2025-06-13)
INFO:collectors.sec_filing_parser:✓ Found DEF 14A filing for CIK 0001010086 (Date: 2025-04-28)
INFO:collectors.sec_filing_parser:✓ Found DEF 14A filing for CIK 0001689375 (Date: 2025-04-25)
INFO:collectors.sec_filing_parser:✓ Found DEF 14A filing for CIK 0001828536 (Date: 2025-04-10)
INFO:collectors.sec_filing_parser:✓ Found DEF 14A filing for CIK 0001589149 (Date: 2025-07-24)
INFO:collectors.sec_filing_parser:✓ Found DEF 14A filing for CIK 0001004724 (Date: 2025-12-10)
INFO:collectors.sec_filing_parser:✓ Found DEF 14A filing for CIK 0001585608 (Date: 2025-11-10)
INFO:collectors.sec_filing_parser:✓ Found DEF 14A filing for CIK 0001421981 (Date: 2013-04-12)
INFO:collectors.sec_filing_parser:✓ Found DEF 14A filing for CIK 0001082733 (Date: 2022-05-31)
INFO:collectors.sec_filing_parser:✓ Found DEF 14A filing for CIK 0000946486 (Date: 2025-08-08)
INFO:collectors.sec_filing_parser:✓ Found DEF 14A filing for CIK 0000932021 (Date: 2000-04-17)
INFO:collectors.sec_filing_parser:✓ Found DEF 14A filing for CIK 0001093691 (Date: 2025-12-12)
INFO:collectors.sec_filing_parser:✓ Found DEF 14A filing for CIK 0000885590 (Date: 2025-08-27)
INFO:collectors.sec_filing_parser:✓ Found DEF 14A filing for CIK 0001418819 (Date: 2025-03-27)
INFO:collectors.sec_filing_parser:✓ Found DEF 14A filing for CIK 0001907108 (Date: 2025-04-28)
INFO:collectors.sec_filing_parser:✓ Found DEF 14A filing for CIK 0001774170 (Date: 2025-07-29)
INFO:collectors.sec_filing_parser:✓ Found DEF 14A filing for CIK 0001753539 (Date: 2025-07-24)
INFO:collectors.sec_filing_parser:✓ Found DEF 14A filing for CIK 0001680581 (Date: 2025-04-30)
INFO:collectors.sec_filing_parser:✓ Found DEF 14A filing for CIK 0001645469 (Date: 2025-04-30)
INFO:collectors.sec_filing_parser:✓ Found DEF 14A filing for CIK 0001613780 (Date: 2025-05-15)
INFO:collectors.sec_filing_parser:✓ Found DEF 14A filing for CIK 0001434647 (Date: 2024-04-03)
INFO:collectors.sec_filing_parser:✓ Found DEF 14A filing for CIK 0001854149 (Date: 2025-10-10)
INFO:collectors.sec_filing_parser:✓ Found DEF 14A filing for CIK 0001109116 (Date: 2025-04-25)
INFO:collectors.sec_filing_parser:✓ Found DEF 14A filing for CIK 0001119769 (Date: 2001-10-25)
INFO:collectors.sec_filing_parser:✓ Found DEF 14A filing for CIK 0002011514 (Date: 2025-11-10)
INFO:collectors.sec_filing_parser:✓ Found DEF 14A filing for CIK 0001838987 (Date: 2025-05-01)
INFO:collectors.sec_filing_parser:✓ Found DEF 14A filing for CIK 0002030617 (Date: 2025-09-29)
INFO:collectors.sec_filing_parser:✓ Found DEF 14A filing for CIK 0001022899 (Date: 2025-12-05)
INFO:collectors.sec_filing_parser:✓ Found DEF 14A filing for CIK 0001603978 (Date: 2025-04-04)
INFO:collectors.sec_filing_parser:✓ Found DEF 14A filing for CIK 0001857044 (Date: 2025-06-23)
INFO:collectors.sec_filing_parser:✓ Found DEF 14A filing for CIK 0000882291 (Date: 2025-04-18)
INFO:collectors.sec_filing_parser:✓ Found DEF 14A filing for CIK 0001853816 (Date: 2025-06-02)
INFO:collectors.sec_filing_parser:✓ Found DEF 14A filing for CIK 0001563577 (Date: 2025-01-24)
INFO:collectors.sec_filing_parser:✓ Found DEF 14A filing for CIK 0001484674 (Date: 2013-07-24)
INFO:collectors.sec_filing_parser:✓ Found DEF 14A filing for CIK 0001083743 (Date: 2025-08-14)
INFO:collectors.sec_filing_parser:✓ Found DEF 14A filing for CIK 0001074871 (Date: 2025-01-24)
INFO:collectors.sec_filing_parser:✓ Found DEF 14A filing for CIK 0001900679 (Date: 2025-08-11)
INFO:collectors.sec_filing_parser:✓ Found DEF 14A filing for CIK 0001420565 (Date: 2025-05-12)
INFO:collectors.sec_filing_parser:✓ Found DEF 14A filing for CIK 0001084267 (Date: 2023-11-30)
INFO:collectors.sec_filing_parser:✓ Found DEF 14A filing for CIK 0001500198 (Date: 2025-01-21)
INFO:collectors.sec_filing_parser:✓ Found DEF 14A filing for CIK 0001089815 (Date: 2025-09-29)
INFO:collectors.sec_filing_parser:✓ Found DEF 14A filing for CIK 0001507957 (Date: 2025-04-29)
INFO:collectors.sec_filing_parser:✓ Found DEF 14A filing for CIK 0001341235 (Date: 2025-04-25)
INFO:collectors.sec_filing_parser:✓ Found DEF 14A filing for CIK 0001937993 (Date: 2025-07-31)
INFO:collectors.sec_filing_parser:✓ Found DEF 14A filing for CIK 0000826253 (Date: 2017-12-22)
INFO:collectors.sec_filing_parser:✓ Found DEF 14A filing for CIK 0000314227 (Date: 2025-09-30)
INFO:collectors.sec_filing_parser:✓ Found DEF 14A filing for CIK 0001701963 (Date: 2025-05-21)
INFO:collectors.sec_filing_parser:✓ Found DEF 14A filing for CIK 0001397183 (Date: 2025-10-08)
INFO:collectors.sec_filing_parser:✓ Found DEF 14A filing for CIK 0001922858 (Date: 2025-07-10)
INFO:collectors.sec_filing_parser:✓ Found DEF 14A filing for CIK 0001557746 (Date: 2025-04-24)
INFO:collectors.sec_filing_parser:✓ Found DEF 14A filing for CIK 0001417663 (Date: 2025-07-10)
INFO:collectors.sec_filing_parser:✓ Found DEF 14A filing for CIK 0001901203 (Date: 2025-05-30)
INFO:collectors.sec_filing_parser:✓ Found DEF 14A filing for CIK 0001841387 (Date: 2025-04-29)
INFO:collectors.sec_filing_parser:✓ Found DEF 14A filing for CIK 0001377789 (Date: 2025-09-23)
INFO:collectors.sec_filing_parser:✓ Found DEF 14A filing for CIK 0000862668 (Date: 2017-05-18)
INFO:collectors.sec_filing_parser:✓ Found DEF 14A filing for CIK 0001994702 (Date: 2025-04-14)
INFO:collectors.sec_filing_parser:✓ Found DEF 14A filing for CIK 0000889971 (Date: 2025-10-28)
INFO:collectors.sec_filing_parser:✓ Found DEF 14A filing for CIK 0001855175 (Date: 2025-04-29)
INFO:collectors.sec_filing_parser:✓ Found DEF 14A filing for CIK 0001487428 (Date: 2025-04-17)
INFO:collectors.sec_filing_parser:✓ Found DEF 14A filing for CIK 0000720762 (Date: 2009-11-30)
INFO:collectors.sec_filing_parser:✓ Found DEF 14A filing for CIK 0001845437 (Date: 2025-04-24)
INFO:collectors.sec_filing_parser:✓ Found DEF 14A filing for CIK 0001499961 (Date: 2025-08-29)
INFO:collectors.sec_filing_parser:✓ Found DEF 14A filing for CIK 0001818844 (Date: 2025-10-20)
INFO:collectors.sec_filing_parser:✓ Found DEF 14A filing for CIK 0000836690 (Date: 2025-03-05)
INFO:collectors.sec_filing_parser:✓ Found DEF 14A filing for CIK 0001571996 (Date: 2025-05-16)
INFO:collectors.sec_filing_parser:✓ Found DEF 14A filing for CIK 0001835632 (Date: 2025-05-01)
INFO:collectors.sec_filing_parser:✓ Found DEF 14A filing for CIK 0000712515 (Date: 2025-06-24)
======================================================================
UPDATING WOMEN PERCENTAGE DATA
======================================================================
📥 Fetching companies with missing women data...
✓ Found 594 records with missing women data for 2024
✓ Found 594 companies with CIKs to process

🚀 Starting update process...
  Progress: 10/594 | Updated: 0 | No Data: 9
  Progress: 20/594 | Updated: 0 | No Data: 19
  Progress: 30/594 | Updated: 0 | No Data: 29
  Progress: 40/594 | Updated: 0 | No Data: 39
  Progress: 50/594 | Updated: 0 | No Data: 49
  Progress: 60/594 | Updated: 0 | No Data: 59
  Progress: 70/594 | Updated: 0 | No Data: 69
  Progress: 80/594 | Updated: 0 | No Data: 79
  ✅ Updated AIxCrypto Holdings, Inc.: 33.0%
  Progress: 90/594 | Updated: 1 | No Data: 88
  Progress: 100/594 | Updated: 1 | No Data: 98
  Progress: 110/594 | Updated: 1 | No Data: 108
  Progress: 120/594 | Updated: 1 | No Data: 118
  Progress: 130/594 | Updated: 1 | No Data: 128
  Progress: 140/594 | Updated: 1 | No Data: 138
  Progress: 150/594 | Updated: 1 | No Data: 148
  Progress: 160/594 | Updated: 1 | No Data: 158
  Progress: 170/594 | Updated: 1 | No Data: 168
  Progress: 180/594 | Updated: 1 | No Data: 178
  Progress: 190/594 | Updated: 1 | No Data: 188
  Progress: 200/594 | Updated: 1 | No Data: 198
  Progress: 210/594 | Updated: 1 | No Data: 208
  Progress: 220/594 | Updated: 1 | No Data: 218
  Progress: 230/594 | Updated: 1 | No Data: 228
  Progress: 240/594 | Updated: 1 | No Data: 238
  Progress: 250/594 | Updated: 1 | No Data: 248
  Progress: 260/594 | Updated: 1 | No Data: 258
  Progress: 270/594 | Updated: 1 | No Data: 268
  Progress: 280/594 | Updated: 1 | No Data: 278
  Progress: 290/594 | Updated: 1 | No Data: 288
  Progress: 300/594 | Updated: 1 | No Data: 298
  Progress: 310/594 | Updated: 1 | No Data: 308
  Progress: 320/594 | Updated: 1 | No Data: 318
  Progress: 330/594 | Updated: 1 | No Data: 328
  Progress: 340/594 | Updated: 1 | No Data: 338
  Progress: 350/594 | Updated: 1 | No Data: 348
  Progress: 360/594 | Updated: 1 | No Data: 358
  Progress: 370/594 | Updated: 1 | No Data: 368
  Progress: 380/594 | Updated: 1 | No Data: 378
  Progress: 390/594 | Updated: 1 | No Data: 388
  Progress: 400/594 | Updated: 1 | No Data: 398
  Progress: 410/594 | Updated: 1 | No Data: 408
  Progress: 420/594 | Updated: 1 | No Data: 418
  Progress: 430/594 | Updated: 1 | No Data: 428
  Progress: 440/594 | Updated: 1 | No Data: 438
  Progress: 450/594 | Updated: 1 | No Data: 448
  Progress: 460/594 | Updated: 1 | No Data: 458
  Progress: 470/594 | Updated: 1 | No Data: 468
  Progress: 480/594 | Updated: 1 | No Data: 478
  Progress: 490/594 | Updated: 1 | No Data: 488
  Progress: 500/594 | Updated: 1 | No Data: 498
  Progress: 510/594 | Updated: 1 | No Data: 508
  Progress: 520/594 | Updated: 1 | No Data: 518
  Progress: 530/594 | Updated: 1 | No Data: 528
  Progress: 540/594 | Updated: 1 | No Data: 538
  Progress: 550/594 | Updated: 1 | No Data: 548
  Progress: 560/594 | Updated: 1 | No Data: 558
  Progress: 570/594 | Updated: 1 | No Data: 568
  Progress: 580/594 | Updated: 1 | No Data: 578
  Progress: 590/594 | Updated: 1 | No Data: 588

======================================================================
UPDATE COMPLETE
Updated: 1
No Data Found: 593
Failed: 0
======================================================================
